gain	0	1	-56.70
gain	1	0	-57.67
gain	0	2	-70.44
gain	2	0	-70.61
gain	0	3	-73.13
gain	3	0	-73.83
gain	0	4	-84.17
gain	4	0	-82.52
gain	0	5	-84.17
gain	5	0	-82.92
gain	0	6	-90.13
gain	6	0	-91.19
gain	0	7	-93.83
gain	7	0	-92.52
gain	0	8	-53.48
gain	8	0	-52.57
gain	0	9	-59.58
gain	9	0	-60.64
gain	0	10	-69.54
gain	10	0	-70.19
gain	0	11	-78.18
gain	11	0	-77.90
gain	0	12	-83.23
gain	12	0	-84.47
gain	0	13	-90.63
gain	13	0	-91.62
gain	0	14	-95.27
gain	14	0	-96.69
gain	0	15	-92.59
gain	15	0	-91.63
gain	0	16	-72.07
gain	16	0	-70.50
gain	0	17	-68.95
gain	17	0	-70.99
gain	0	18	-77.08
gain	18	0	-77.47
gain	0	19	-78.81
gain	19	0	-79.55
gain	0	20	-86.40
gain	20	0	-84.60
gain	0	21	-90.29
gain	21	0	-90.23
gain	0	22	-94.71
gain	22	0	-95.01
gain	0	23	-96.97
gain	23	0	-98.24
gain	0	24	-75.01
gain	24	0	-74.61
gain	0	25	-79.36
gain	25	0	-78.07
gain	0	26	-79.17
gain	26	0	-77.80
gain	0	27	-83.96
gain	27	0	-85.52
gain	0	28	-91.05
gain	28	0	-90.76
gain	0	29	-86.95
gain	29	0	-86.65
gain	0	30	-103.46
gain	30	0	-103.06
gain	0	31	-97.52
gain	31	0	-98.47
gain	0	32	-84.99
gain	32	0	-84.41
gain	0	33	-85.72
gain	33	0	-85.18
gain	0	34	-89.65
gain	34	0	-88.61
gain	0	35	-90.04
gain	35	0	-91.00
gain	0	36	-95.56
gain	36	0	-95.99
gain	0	37	-88.32
gain	37	0	-87.35
gain	0	38	-99.07
gain	38	0	-99.05
gain	0	39	-100.52
gain	39	0	-99.94
gain	0	40	-85.12
gain	40	0	-85.18
gain	0	41	-88.84
gain	41	0	-89.51
gain	0	42	-92.75
gain	42	0	-93.23
gain	0	43	-94.49
gain	43	0	-95.85
gain	0	44	-94.20
gain	44	0	-94.13
gain	0	45	-94.22
gain	45	0	-93.81
gain	0	46	-104.02
gain	46	0	-104.52
gain	0	47	-98.66
gain	47	0	-99.67
gain	0	48	-85.54
gain	48	0	-86.19
gain	0	49	-92.79
gain	49	0	-95.12
gain	0	50	-92.86
gain	50	0	-92.07
gain	0	51	-90.51
gain	51	0	-89.53
gain	0	52	-95.64
gain	52	0	-96.97
gain	0	53	-95.26
gain	53	0	-93.00
gain	0	54	-94.69
gain	54	0	-94.11
gain	0	55	-103.69
gain	55	0	-103.77
gain	0	56	-102.58
gain	56	0	-103.21
gain	0	57	-96.84
gain	57	0	-97.34
gain	0	58	-100.10
gain	58	0	-99.27
gain	0	59	-99.66
gain	59	0	-100.39
gain	0	60	-96.44
gain	60	0	-96.12
gain	0	61	-103.09
gain	61	0	-102.83
gain	0	62	-101.18
gain	62	0	-100.25
gain	0	63	-101.87
gain	63	0	-100.29
gain	1	2	-64.53
gain	2	1	-63.74
gain	1	3	-78.42
gain	3	1	-78.15
gain	1	4	-75.75
gain	4	1	-73.12
gain	1	5	-80.52
gain	5	1	-78.31
gain	1	6	-85.02
gain	6	1	-85.11
gain	1	7	-86.67
gain	7	1	-84.39
gain	1	8	-65.19
gain	8	1	-63.31
gain	1	9	-56.78
gain	9	1	-56.87
gain	1	10	-63.34
gain	10	1	-63.02
gain	1	11	-77.75
gain	11	1	-76.50
gain	1	12	-76.67
gain	12	1	-76.94
gain	1	13	-85.49
gain	13	1	-85.51
gain	1	14	-90.27
gain	14	1	-90.72
gain	1	15	-96.10
gain	15	1	-94.17
gain	1	16	-71.52
gain	16	1	-68.97
gain	1	17	-71.95
gain	17	1	-73.02
gain	1	18	-73.16
gain	18	1	-72.59
gain	1	19	-80.25
gain	19	1	-80.02
gain	1	20	-80.90
gain	20	1	-78.12
gain	1	21	-90.34
gain	21	1	-89.31
gain	1	22	-92.24
gain	22	1	-91.56
gain	1	23	-98.86
gain	23	1	-99.16
gain	1	24	-79.10
gain	24	1	-77.72
gain	1	25	-81.44
gain	25	1	-79.17
gain	1	26	-82.89
gain	26	1	-80.55
gain	1	27	-72.72
gain	27	1	-73.30
gain	1	28	-89.83
gain	28	1	-88.57
gain	1	29	-85.33
gain	29	1	-84.06
gain	1	30	-91.87
gain	30	1	-90.50
gain	1	31	-92.74
gain	31	1	-92.71
gain	1	32	-83.52
gain	32	1	-81.98
gain	1	33	-87.11
gain	33	1	-85.60
gain	1	34	-88.19
gain	34	1	-86.18
gain	1	35	-89.87
gain	35	1	-89.86
gain	1	36	-85.92
gain	36	1	-85.39
gain	1	37	-95.13
gain	37	1	-93.19
gain	1	38	-95.57
gain	38	1	-94.58
gain	1	39	-94.17
gain	39	1	-92.63
gain	1	40	-87.88
gain	40	1	-86.98
gain	1	41	-87.33
gain	41	1	-87.03
gain	1	42	-84.59
gain	42	1	-84.10
gain	1	43	-83.75
gain	43	1	-84.14
gain	1	44	-93.21
gain	44	1	-92.17
gain	1	45	-98.56
gain	45	1	-97.18
gain	1	46	-100.80
gain	46	1	-100.33
gain	1	47	-98.11
gain	47	1	-98.15
gain	1	48	-92.28
gain	48	1	-91.96
gain	1	49	-95.54
gain	49	1	-96.91
gain	1	50	-97.35
gain	50	1	-95.58
gain	1	51	-92.98
gain	51	1	-91.03
gain	1	52	-95.12
gain	52	1	-95.48
gain	1	53	-94.74
gain	53	1	-91.50
gain	1	54	-103.56
gain	54	1	-102.01
gain	1	55	-100.92
gain	55	1	-100.03
gain	1	56	-93.02
gain	56	1	-92.69
gain	1	57	-98.34
gain	57	1	-97.87
gain	1	58	-93.26
gain	58	1	-91.46
gain	1	59	-98.28
gain	59	1	-98.05
gain	1	60	-99.21
gain	60	1	-97.92
gain	1	61	-103.30
gain	61	1	-102.07
gain	1	62	-101.22
gain	62	1	-99.32
gain	1	63	-104.97
gain	63	1	-102.42
gain	2	3	-53.67
gain	3	2	-54.20
gain	2	4	-68.57
gain	4	2	-66.75
gain	2	5	-76.97
gain	5	2	-75.55
gain	2	6	-85.25
gain	6	2	-86.14
gain	2	7	-93.68
gain	7	2	-92.19
gain	2	8	-66.00
gain	8	2	-64.92
gain	2	9	-65.85
gain	9	2	-66.74
gain	2	10	-60.29
gain	10	2	-60.77
gain	2	11	-60.97
gain	11	2	-60.52
gain	2	12	-77.79
gain	12	2	-78.86
gain	2	13	-74.51
gain	13	2	-75.33
gain	2	14	-87.30
gain	14	2	-88.55
gain	2	15	-86.27
gain	15	2	-85.14
gain	2	16	-78.71
gain	16	2	-76.96
gain	2	17	-76.19
gain	17	2	-78.05
gain	2	18	-69.97
gain	18	2	-70.19
gain	2	19	-70.83
gain	19	2	-71.40
gain	2	20	-79.28
gain	20	2	-77.30
gain	2	21	-82.87
gain	21	2	-82.63
gain	2	22	-88.78
gain	22	2	-88.90
gain	2	23	-88.28
gain	23	2	-89.38
gain	2	24	-83.43
gain	24	2	-82.85
gain	2	25	-81.04
gain	25	2	-79.57
gain	2	26	-75.88
gain	26	2	-74.34
gain	2	27	-84.43
gain	27	2	-85.81
gain	2	28	-78.67
gain	28	2	-78.21
gain	2	29	-87.40
gain	29	2	-86.93
gain	2	30	-94.71
gain	30	2	-94.14
gain	2	31	-92.64
gain	31	2	-93.41
gain	2	32	-88.64
gain	32	2	-87.90
gain	2	33	-94.81
gain	33	2	-94.09
gain	2	34	-83.08
gain	34	2	-81.86
gain	2	35	-84.86
gain	35	2	-85.64
gain	2	36	-85.31
gain	36	2	-85.57
gain	2	37	-87.34
gain	37	2	-86.20
gain	2	38	-93.56
gain	38	2	-93.37
gain	2	39	-93.70
gain	39	2	-92.95
gain	2	40	-83.85
gain	40	2	-83.73
gain	2	41	-89.17
gain	41	2	-89.67
gain	2	42	-91.18
gain	42	2	-91.50
gain	2	43	-95.82
gain	43	2	-97.01
gain	2	44	-90.05
gain	44	2	-89.81
gain	2	45	-95.38
gain	45	2	-94.80
gain	2	46	-91.32
gain	46	2	-91.65
gain	2	47	-93.06
gain	47	2	-93.89
gain	2	48	-93.91
gain	48	2	-94.38
gain	2	49	-98.31
gain	49	2	-100.47
gain	2	50	-88.51
gain	50	2	-87.54
gain	2	51	-94.62
gain	51	2	-93.47
gain	2	52	-93.30
gain	52	2	-94.46
gain	2	53	-96.95
gain	53	2	-94.51
gain	2	54	-96.65
gain	54	2	-95.89
gain	2	55	-97.96
gain	55	2	-97.86
gain	2	56	-94.49
gain	56	2	-94.95
gain	2	57	-100.22
gain	57	2	-100.55
gain	2	58	-96.61
gain	58	2	-95.60
gain	2	59	-93.97
gain	59	2	-94.54
gain	2	60	-91.80
gain	60	2	-91.30
gain	2	61	-98.66
gain	61	2	-98.23
gain	2	62	-97.19
gain	62	2	-96.08
gain	2	63	-94.32
gain	63	2	-92.57
gain	3	4	-53.15
gain	4	3	-50.79
gain	3	5	-67.03
gain	5	3	-65.07
gain	3	6	-72.62
gain	6	3	-72.98
gain	3	7	-86.03
gain	7	3	-84.01
gain	3	8	-84.54
gain	8	3	-82.92
gain	3	9	-78.61
gain	9	3	-78.97
gain	3	10	-64.84
gain	10	3	-64.79
gain	3	11	-53.59
gain	11	3	-52.60
gain	3	12	-66.90
gain	12	3	-67.44
gain	3	13	-77.73
gain	13	3	-78.02
gain	3	14	-78.77
gain	14	3	-79.48
gain	3	15	-88.30
gain	15	3	-86.64
gain	3	16	-79.73
gain	16	3	-77.45
gain	3	17	-78.13
gain	17	3	-79.47
gain	3	18	-76.75
gain	18	3	-76.44
gain	3	19	-71.54
gain	19	3	-71.57
gain	3	20	-71.48
gain	20	3	-68.97
gain	3	21	-80.69
gain	21	3	-79.92
gain	3	22	-84.70
gain	22	3	-84.29
gain	3	23	-90.04
gain	23	3	-90.60
gain	3	24	-79.19
gain	24	3	-78.08
gain	3	25	-80.66
gain	25	3	-78.66
gain	3	26	-81.34
gain	26	3	-79.26
gain	3	27	-79.10
gain	27	3	-79.95
gain	3	28	-79.01
gain	28	3	-78.01
gain	3	29	-83.58
gain	29	3	-82.58
gain	3	30	-84.30
gain	30	3	-83.19
gain	3	31	-83.90
gain	31	3	-84.14
gain	3	32	-88.08
gain	32	3	-86.80
gain	3	33	-90.93
gain	33	3	-89.68
gain	3	34	-85.97
gain	34	3	-84.23
gain	3	35	-83.46
gain	35	3	-83.72
gain	3	36	-82.05
gain	36	3	-81.78
gain	3	37	-80.70
gain	37	3	-79.02
gain	3	38	-97.96
gain	38	3	-97.24
gain	3	39	-90.83
gain	39	3	-89.55
gain	3	40	-92.72
gain	40	3	-92.07
gain	3	41	-92.57
gain	41	3	-92.53
gain	3	42	-87.25
gain	42	3	-87.03
gain	3	43	-84.66
gain	43	3	-85.31
gain	3	44	-88.75
gain	44	3	-87.97
gain	3	45	-94.17
gain	45	3	-93.06
gain	3	46	-90.94
gain	46	3	-90.74
gain	3	47	-98.30
gain	47	3	-98.60
gain	3	48	-98.20
gain	48	3	-98.14
gain	3	49	-92.70
gain	49	3	-94.33
gain	3	50	-94.27
gain	50	3	-92.77
gain	3	51	-90.80
gain	51	3	-89.12
gain	3	52	-94.81
gain	52	3	-95.44
gain	3	53	-91.25
gain	53	3	-88.28
gain	3	54	-100.98
gain	54	3	-99.69
gain	3	55	-100.80
gain	55	3	-100.17
gain	3	56	-92.94
gain	56	3	-92.87
gain	3	57	-97.69
gain	57	3	-97.49
gain	3	58	-96.99
gain	58	3	-95.45
gain	3	59	-95.14
gain	59	3	-95.17
gain	3	60	-97.22
gain	60	3	-96.19
gain	3	61	-94.34
gain	61	3	-93.38
gain	3	62	-95.58
gain	62	3	-93.93
gain	3	63	-98.55
gain	63	3	-96.27
gain	4	5	-53.63
gain	5	4	-54.04
gain	4	6	-61.05
gain	6	4	-63.76
gain	4	7	-76.51
gain	7	4	-76.85
gain	4	8	-86.78
gain	8	4	-87.52
gain	4	9	-73.41
gain	9	4	-76.13
gain	4	10	-69.49
gain	10	4	-71.79
gain	4	11	-60.97
gain	11	4	-62.35
gain	4	12	-52.08
gain	12	4	-54.98
gain	4	13	-63.32
gain	13	4	-65.97
gain	4	14	-71.62
gain	14	4	-74.69
gain	4	15	-77.74
gain	15	4	-78.43
gain	4	16	-85.58
gain	16	4	-85.66
gain	4	17	-82.78
gain	17	4	-86.47
gain	4	18	-73.22
gain	18	4	-75.27
gain	4	19	-68.32
gain	19	4	-70.72
gain	4	20	-66.35
gain	20	4	-66.20
gain	4	21	-72.92
gain	21	4	-74.51
gain	4	22	-73.62
gain	22	4	-75.57
gain	4	23	-86.85
gain	23	4	-89.78
gain	4	24	-84.46
gain	24	4	-85.71
gain	4	25	-89.40
gain	25	4	-89.76
gain	4	26	-77.45
gain	26	4	-77.73
gain	4	27	-74.69
gain	27	4	-77.89
gain	4	28	-79.65
gain	28	4	-81.01
gain	4	29	-81.45
gain	29	4	-82.81
gain	4	30	-78.07
gain	30	4	-79.33
gain	4	31	-78.19
gain	31	4	-80.79
gain	4	32	-85.83
gain	32	4	-86.91
gain	4	33	-84.96
gain	33	4	-86.07
gain	4	34	-83.18
gain	34	4	-83.79
gain	4	35	-83.06
gain	35	4	-85.67
gain	4	36	-84.42
gain	36	4	-86.51
gain	4	37	-80.64
gain	37	4	-81.32
gain	4	38	-83.44
gain	38	4	-85.08
gain	4	39	-89.67
gain	39	4	-90.75
gain	4	40	-90.71
gain	40	4	-92.42
gain	4	41	-91.71
gain	41	4	-94.03
gain	4	42	-92.16
gain	42	4	-94.30
gain	4	43	-84.91
gain	43	4	-87.92
gain	4	44	-85.77
gain	44	4	-87.35
gain	4	45	-89.13
gain	45	4	-90.38
gain	4	46	-87.96
gain	46	4	-90.12
gain	4	47	-96.09
gain	47	4	-98.75
gain	4	48	-97.98
gain	48	4	-100.28
gain	4	49	-94.70
gain	49	4	-98.69
gain	4	50	-90.30
gain	50	4	-91.16
gain	4	51	-90.00
gain	51	4	-90.68
gain	4	52	-86.19
gain	52	4	-89.17
gain	4	53	-87.54
gain	53	4	-86.93
gain	4	54	-92.19
gain	54	4	-93.27
gain	4	55	-89.21
gain	55	4	-90.94
gain	4	56	-91.49
gain	56	4	-93.77
gain	4	57	-94.50
gain	57	4	-96.66
gain	4	58	-101.32
gain	58	4	-102.15
gain	4	59	-96.09
gain	59	4	-98.48
gain	4	60	-92.19
gain	60	4	-93.52
gain	4	61	-85.64
gain	61	4	-87.04
gain	4	62	-87.87
gain	62	4	-88.59
gain	4	63	-92.90
gain	63	4	-92.97
gain	5	6	-53.05
gain	6	5	-55.36
gain	5	7	-66.39
gain	7	5	-66.33
gain	5	8	-88.83
gain	8	5	-89.17
gain	5	9	-82.14
gain	9	5	-84.44
gain	5	10	-82.32
gain	10	5	-84.21
gain	5	11	-70.46
gain	11	5	-71.43
gain	5	12	-58.49
gain	12	5	-60.98
gain	5	13	-57.33
gain	13	5	-59.57
gain	5	14	-65.55
gain	14	5	-68.22
gain	5	15	-71.40
gain	15	5	-71.68
gain	5	16	-90.42
gain	16	5	-90.09
gain	5	17	-85.04
gain	17	5	-88.32
gain	5	18	-80.35
gain	18	5	-81.99
gain	5	19	-76.36
gain	19	5	-78.35
gain	5	20	-68.52
gain	20	5	-67.97
gain	5	21	-69.60
gain	21	5	-70.79
gain	5	22	-72.26
gain	22	5	-73.81
gain	5	23	-72.14
gain	23	5	-74.66
gain	5	24	-85.21
gain	24	5	-86.06
gain	5	25	-90.56
gain	25	5	-90.51
gain	5	26	-88.15
gain	26	5	-88.03
gain	5	27	-77.71
gain	27	5	-80.52
gain	5	28	-79.56
gain	28	5	-80.51
gain	5	29	-73.13
gain	29	5	-74.08
gain	5	30	-80.76
gain	30	5	-81.61
gain	5	31	-78.04
gain	31	5	-80.24
gain	5	32	-94.98
gain	32	5	-95.66
gain	5	33	-91.56
gain	33	5	-92.27
gain	5	34	-88.66
gain	34	5	-88.87
gain	5	35	-85.13
gain	35	5	-87.34
gain	5	36	-85.41
gain	36	5	-87.09
gain	5	37	-85.04
gain	37	5	-85.31
gain	5	38	-83.80
gain	38	5	-85.03
gain	5	39	-84.89
gain	39	5	-85.57
gain	5	40	-92.73
gain	40	5	-94.04
gain	5	41	-92.42
gain	41	5	-94.34
gain	5	42	-94.43
gain	42	5	-96.16
gain	5	43	-90.11
gain	43	5	-92.71
gain	5	44	-85.75
gain	44	5	-86.93
gain	5	45	-89.87
gain	45	5	-90.71
gain	5	46	-87.86
gain	46	5	-89.61
gain	5	47	-83.30
gain	47	5	-85.56
gain	5	48	-100.32
gain	48	5	-102.21
gain	5	49	-91.61
gain	49	5	-95.19
gain	5	50	-89.36
gain	50	5	-89.81
gain	5	51	-88.66
gain	51	5	-88.93
gain	5	52	-90.48
gain	52	5	-93.06
gain	5	53	-94.14
gain	53	5	-93.12
gain	5	54	-91.56
gain	54	5	-92.23
gain	5	55	-90.80
gain	55	5	-92.12
gain	5	56	-97.86
gain	56	5	-99.75
gain	5	57	-93.60
gain	57	5	-95.35
gain	5	58	-95.91
gain	58	5	-96.33
gain	5	59	-91.30
gain	59	5	-93.29
gain	5	60	-94.65
gain	60	5	-95.57
gain	5	61	-96.09
gain	61	5	-97.08
gain	5	62	-99.00
gain	62	5	-99.32
gain	5	63	-97.07
gain	63	5	-96.74
gain	6	7	-60.81
gain	7	6	-58.44
gain	6	8	-92.57
gain	8	6	-90.60
gain	6	9	-84.95
gain	9	6	-84.95
gain	6	10	-87.92
gain	10	6	-87.50
gain	6	11	-77.14
gain	11	6	-75.80
gain	6	12	-70.29
gain	12	6	-70.47
gain	6	13	-66.88
gain	13	6	-66.81
gain	6	14	-53.94
gain	14	6	-54.30
gain	6	15	-57.65
gain	15	6	-55.63
gain	6	16	-93.68
gain	16	6	-91.04
gain	6	17	-96.44
gain	17	6	-97.42
gain	6	18	-84.30
gain	18	6	-83.63
gain	6	19	-83.93
gain	19	6	-83.60
gain	6	20	-81.50
gain	20	6	-78.63
gain	6	21	-68.58
gain	21	6	-67.46
gain	6	22	-72.57
gain	22	6	-71.81
gain	6	23	-74.30
gain	23	6	-74.51
gain	6	24	-94.78
gain	24	6	-93.31
gain	6	25	-96.63
gain	25	6	-94.27
gain	6	26	-90.61
gain	26	6	-88.18
gain	6	27	-88.58
gain	27	6	-89.08
gain	6	28	-80.18
gain	28	6	-78.83
gain	6	29	-78.94
gain	29	6	-77.58
gain	6	30	-77.20
gain	30	6	-75.74
gain	6	31	-77.49
gain	31	6	-77.37
gain	6	32	-95.17
gain	32	6	-93.54
gain	6	33	-91.55
gain	33	6	-89.95
gain	6	34	-91.57
gain	34	6	-89.46
gain	6	35	-93.77
gain	35	6	-93.67
gain	6	36	-91.59
gain	36	6	-90.97
gain	6	37	-84.22
gain	37	6	-82.19
gain	6	38	-84.01
gain	38	6	-82.93
gain	6	39	-83.75
gain	39	6	-82.12
gain	6	40	-93.34
gain	40	6	-92.34
gain	6	41	-95.87
gain	41	6	-95.47
gain	6	42	-89.42
gain	42	6	-88.84
gain	6	43	-90.89
gain	43	6	-91.19
gain	6	44	-89.07
gain	44	6	-87.94
gain	6	45	-88.41
gain	45	6	-86.95
gain	6	46	-86.66
gain	46	6	-86.10
gain	6	47	-91.23
gain	47	6	-91.18
gain	6	48	-103.58
gain	48	6	-103.17
gain	6	49	-93.72
gain	49	6	-95.00
gain	6	50	-96.31
gain	50	6	-94.45
gain	6	51	-92.97
gain	51	6	-90.93
gain	6	52	-96.58
gain	52	6	-96.85
gain	6	53	-96.95
gain	53	6	-93.63
gain	6	54	-94.21
gain	54	6	-92.57
gain	6	55	-90.94
gain	55	6	-89.96
gain	6	56	-100.62
gain	56	6	-100.20
gain	6	57	-103.53
gain	57	6	-102.97
gain	6	58	-105.13
gain	58	6	-103.23
gain	6	59	-94.34
gain	59	6	-94.02
gain	6	60	-95.67
gain	60	6	-94.29
gain	6	61	-102.81
gain	61	6	-101.49
gain	6	62	-97.63
gain	62	6	-95.63
gain	6	63	-102.23
gain	63	6	-99.59
gain	7	8	-95.08
gain	8	7	-95.49
gain	7	9	-93.89
gain	9	7	-96.27
gain	7	10	-88.67
gain	10	7	-90.64
gain	7	11	-87.24
gain	11	7	-88.28
gain	7	12	-83.03
gain	12	7	-85.59
gain	7	13	-66.79
gain	13	7	-69.10
gain	7	14	-65.08
gain	14	7	-67.81
gain	7	15	-52.60
gain	15	7	-52.95
gain	7	16	-98.16
gain	16	7	-97.90
gain	7	17	-93.33
gain	17	7	-96.69
gain	7	18	-84.03
gain	18	7	-85.75
gain	7	19	-84.10
gain	19	7	-86.16
gain	7	20	-80.54
gain	20	7	-80.05
gain	7	21	-76.93
gain	21	7	-78.19
gain	7	22	-68.58
gain	22	7	-70.20
gain	7	23	-69.01
gain	23	7	-71.59
gain	7	24	-96.80
gain	24	7	-97.71
gain	7	25	-95.56
gain	25	7	-95.58
gain	7	26	-92.43
gain	26	7	-92.38
gain	7	27	-87.01
gain	27	7	-89.88
gain	7	28	-85.17
gain	28	7	-86.20
gain	7	29	-77.97
gain	29	7	-78.98
gain	7	30	-78.34
gain	30	7	-79.26
gain	7	31	-76.25
gain	31	7	-78.52
gain	7	32	-96.87
gain	32	7	-97.61
gain	7	33	-97.57
gain	33	7	-98.35
gain	7	34	-89.75
gain	34	7	-90.03
gain	7	35	-86.11
gain	35	7	-88.38
gain	7	36	-86.07
gain	36	7	-87.82
gain	7	37	-93.16
gain	37	7	-93.51
gain	7	38	-86.54
gain	38	7	-87.84
gain	7	39	-85.44
gain	39	7	-86.19
gain	7	40	-94.74
gain	40	7	-96.12
gain	7	41	-96.67
gain	41	7	-98.66
gain	7	42	-90.79
gain	42	7	-92.59
gain	7	43	-92.80
gain	43	7	-95.47
gain	7	44	-88.33
gain	44	7	-89.58
gain	7	45	-93.69
gain	45	7	-94.60
gain	7	46	-83.34
gain	46	7	-85.16
gain	7	47	-89.08
gain	47	7	-91.40
gain	7	48	-100.28
gain	48	7	-102.25
gain	7	49	-101.29
gain	49	7	-104.94
gain	7	50	-92.74
gain	50	7	-93.26
gain	7	51	-90.26
gain	51	7	-90.60
gain	7	52	-89.39
gain	52	7	-92.04
gain	7	53	-91.40
gain	53	7	-90.45
gain	7	54	-90.75
gain	54	7	-91.49
gain	7	55	-91.07
gain	55	7	-92.46
gain	7	56	-103.80
gain	56	7	-105.75
gain	7	57	-98.05
gain	57	7	-99.87
gain	7	58	-95.56
gain	58	7	-96.05
gain	7	59	-92.81
gain	59	7	-94.87
gain	7	60	-95.02
gain	60	7	-96.01
gain	7	61	-95.04
gain	61	7	-96.10
gain	7	62	-92.89
gain	62	7	-93.28
gain	7	63	-88.11
gain	63	7	-87.85
gain	8	9	-50.95
gain	9	8	-52.92
gain	8	10	-68.91
gain	10	8	-70.47
gain	8	11	-77.57
gain	11	8	-78.21
gain	8	12	-80.71
gain	12	8	-82.87
gain	8	13	-92.30
gain	13	8	-94.20
gain	8	14	-88.92
gain	14	8	-91.25
gain	8	15	-91.01
gain	15	8	-90.96
gain	8	16	-52.81
gain	16	8	-52.14
gain	8	17	-66.88
gain	17	8	-69.84
gain	8	18	-67.99
gain	18	8	-69.30
gain	8	19	-86.26
gain	19	8	-87.92
gain	8	20	-86.28
gain	20	8	-85.39
gain	8	21	-87.49
gain	21	8	-88.34
gain	8	22	-91.30
gain	22	8	-92.51
gain	8	23	-96.24
gain	23	8	-98.43
gain	8	24	-73.42
gain	24	8	-73.93
gain	8	25	-71.56
gain	25	8	-71.18
gain	8	26	-79.91
gain	26	8	-79.46
gain	8	27	-81.39
gain	27	8	-83.86
gain	8	28	-83.73
gain	28	8	-84.35
gain	8	29	-91.70
gain	29	8	-92.31
gain	8	30	-95.92
gain	30	8	-96.43
gain	8	31	-99.27
gain	31	8	-101.13
gain	8	32	-86.23
gain	32	8	-86.57
gain	8	33	-74.61
gain	33	8	-74.98
gain	8	34	-77.99
gain	34	8	-77.86
gain	8	35	-84.41
gain	35	8	-86.28
gain	8	36	-87.76
gain	36	8	-89.11
gain	8	37	-90.21
gain	37	8	-90.15
gain	8	38	-92.19
gain	38	8	-93.09
gain	8	39	-101.08
gain	39	8	-101.42
gain	8	40	-84.67
gain	40	8	-85.64
gain	8	41	-77.59
gain	41	8	-79.18
gain	8	42	-83.27
gain	42	8	-84.66
gain	8	43	-88.42
gain	43	8	-90.69
gain	8	44	-92.44
gain	44	8	-93.28
gain	8	45	-90.56
gain	45	8	-91.07
gain	8	46	-96.91
gain	46	8	-98.32
gain	8	47	-99.25
gain	47	8	-101.17
gain	8	48	-93.07
gain	48	8	-94.63
gain	8	49	-88.76
gain	49	8	-92.01
gain	8	50	-88.31
gain	50	8	-88.42
gain	8	51	-88.64
gain	51	8	-88.57
gain	8	52	-93.08
gain	52	8	-95.33
gain	8	53	-91.85
gain	53	8	-90.50
gain	8	54	-94.84
gain	54	8	-95.18
gain	8	55	-96.82
gain	55	8	-97.81
gain	8	56	-96.07
gain	56	8	-97.62
gain	8	57	-88.95
gain	57	8	-90.37
gain	8	58	-102.71
gain	58	8	-102.80
gain	8	59	-94.58
gain	59	8	-96.23
gain	8	60	-99.10
gain	60	8	-99.69
gain	8	61	-99.27
gain	61	8	-99.92
gain	8	62	-96.11
gain	62	8	-96.09
gain	8	63	-101.69
gain	63	8	-101.02
gain	9	10	-55.08
gain	10	9	-54.67
gain	9	11	-78.62
gain	11	9	-77.28
gain	9	12	-76.79
gain	12	9	-76.97
gain	9	13	-79.76
gain	13	9	-79.69
gain	9	14	-89.04
gain	14	9	-89.40
gain	9	15	-96.40
gain	15	9	-94.38
gain	9	16	-65.17
gain	16	9	-62.53
gain	9	17	-58.33
gain	17	9	-59.31
gain	9	18	-61.20
gain	18	9	-60.53
gain	9	19	-70.78
gain	19	9	-70.46
gain	9	20	-83.30
gain	20	9	-80.44
gain	9	21	-84.08
gain	21	9	-82.96
gain	9	22	-96.74
gain	22	9	-95.97
gain	9	23	-93.86
gain	23	9	-94.07
gain	9	24	-74.88
gain	24	9	-73.42
gain	9	25	-73.38
gain	25	9	-71.02
gain	9	26	-69.62
gain	26	9	-67.19
gain	9	27	-76.56
gain	27	9	-77.05
gain	9	28	-87.98
gain	28	9	-86.63
gain	9	29	-85.00
gain	29	9	-83.64
gain	9	30	-94.12
gain	30	9	-92.65
gain	9	31	-97.15
gain	31	9	-97.04
gain	9	32	-81.50
gain	32	9	-79.87
gain	9	33	-79.61
gain	33	9	-78.01
gain	9	34	-81.31
gain	34	9	-79.21
gain	9	35	-82.96
gain	35	9	-82.86
gain	9	36	-84.67
gain	36	9	-84.04
gain	9	37	-86.80
gain	37	9	-84.77
gain	9	38	-94.95
gain	38	9	-93.87
gain	9	39	-99.08
gain	39	9	-97.45
gain	9	40	-87.03
gain	40	9	-86.03
gain	9	41	-88.02
gain	41	9	-87.63
gain	9	42	-81.30
gain	42	9	-80.72
gain	9	43	-87.19
gain	43	9	-87.49
gain	9	44	-81.30
gain	44	9	-80.17
gain	9	45	-90.28
gain	45	9	-88.82
gain	9	46	-93.76
gain	46	9	-93.20
gain	9	47	-100.87
gain	47	9	-100.82
gain	9	48	-95.79
gain	48	9	-95.38
gain	9	49	-88.02
gain	49	9	-89.30
gain	9	50	-93.98
gain	50	9	-92.12
gain	9	51	-90.55
gain	51	9	-88.51
gain	9	52	-89.17
gain	52	9	-89.45
gain	9	53	-88.97
gain	53	9	-85.65
gain	9	54	-97.28
gain	54	9	-95.64
gain	9	55	-96.35
gain	55	9	-95.36
gain	9	56	-96.29
gain	56	9	-95.86
gain	9	57	-95.91
gain	57	9	-95.35
gain	9	58	-89.41
gain	58	9	-87.52
gain	9	59	-95.34
gain	59	9	-95.01
gain	9	60	-100.89
gain	60	9	-99.50
gain	9	61	-92.88
gain	61	9	-91.57
gain	9	62	-101.89
gain	62	9	-99.89
gain	9	63	-95.12
gain	63	9	-92.48
gain	10	11	-58.93
gain	11	10	-58.00
gain	10	12	-69.73
gain	12	10	-70.33
gain	10	13	-80.08
gain	13	10	-80.43
gain	10	14	-85.67
gain	14	10	-86.45
gain	10	15	-87.33
gain	15	10	-85.72
gain	10	16	-75.04
gain	16	10	-72.81
gain	10	17	-65.34
gain	17	10	-66.73
gain	10	18	-57.81
gain	18	10	-57.56
gain	10	19	-70.55
gain	19	10	-70.64
gain	10	20	-76.36
gain	20	10	-73.91
gain	10	21	-83.20
gain	21	10	-82.49
gain	10	22	-86.71
gain	22	10	-86.36
gain	10	23	-93.93
gain	23	10	-94.55
gain	10	24	-78.66
gain	24	10	-77.60
gain	10	25	-73.76
gain	25	10	-71.81
gain	10	26	-74.54
gain	26	10	-72.53
gain	10	27	-72.03
gain	27	10	-72.93
gain	10	28	-77.08
gain	28	10	-76.14
gain	10	29	-86.41
gain	29	10	-85.47
gain	10	30	-90.70
gain	30	10	-89.65
gain	10	31	-90.33
gain	31	10	-90.63
gain	10	32	-87.21
gain	32	10	-85.99
gain	10	33	-78.66
gain	33	10	-77.47
gain	10	34	-74.52
gain	34	10	-72.83
gain	10	35	-80.26
gain	35	10	-80.57
gain	10	36	-77.77
gain	36	10	-77.56
gain	10	37	-86.37
gain	37	10	-84.75
gain	10	38	-89.59
gain	38	10	-88.92
gain	10	39	-89.94
gain	39	10	-88.71
gain	10	40	-86.79
gain	40	10	-86.20
gain	10	41	-89.38
gain	41	10	-89.40
gain	10	42	-82.75
gain	42	10	-82.58
gain	10	43	-83.69
gain	43	10	-84.40
gain	10	44	-89.83
gain	44	10	-89.11
gain	10	45	-86.01
gain	45	10	-84.96
gain	10	46	-92.07
gain	46	10	-91.92
gain	10	47	-96.18
gain	47	10	-96.54
gain	10	48	-89.88
gain	48	10	-89.88
gain	10	49	-94.01
gain	49	10	-95.70
gain	10	50	-86.47
gain	50	10	-85.02
gain	10	51	-90.36
gain	51	10	-88.73
gain	10	52	-92.35
gain	52	10	-93.03
gain	10	53	-89.92
gain	53	10	-87.00
gain	10	54	-101.41
gain	54	10	-100.18
gain	10	55	-98.51
gain	55	10	-97.94
gain	10	56	-92.59
gain	56	10	-92.58
gain	10	57	-85.77
gain	57	10	-85.62
gain	10	58	-92.53
gain	58	10	-91.05
gain	10	59	-93.10
gain	59	10	-93.19
gain	10	60	-91.32
gain	60	10	-90.35
gain	10	61	-92.60
gain	61	10	-91.70
gain	10	62	-91.86
gain	62	10	-90.27
gain	10	63	-95.24
gain	63	10	-93.01
gain	11	12	-54.51
gain	12	11	-56.03
gain	11	13	-77.82
gain	13	11	-79.09
gain	11	14	-81.68
gain	14	11	-83.38
gain	11	15	-84.05
gain	15	11	-83.37
gain	11	16	-75.90
gain	16	11	-74.60
gain	11	17	-69.82
gain	17	11	-72.14
gain	11	18	-64.40
gain	18	11	-65.08
gain	11	19	-54.22
gain	19	11	-55.24
gain	11	20	-60.56
gain	20	11	-59.03
gain	11	21	-76.89
gain	21	11	-77.11
gain	11	22	-83.24
gain	22	11	-83.82
gain	11	23	-84.27
gain	23	11	-85.82
gain	11	24	-79.40
gain	24	11	-79.27
gain	11	25	-76.91
gain	25	11	-75.90
gain	11	26	-73.45
gain	26	11	-72.36
gain	11	27	-69.83
gain	27	11	-71.66
gain	11	28	-66.74
gain	28	11	-66.73
gain	11	29	-77.62
gain	29	11	-77.60
gain	11	30	-85.75
gain	30	11	-85.62
gain	11	31	-82.41
gain	31	11	-83.64
gain	11	32	-83.95
gain	32	11	-83.66
gain	11	33	-82.45
gain	33	11	-82.18
gain	11	34	-76.11
gain	34	11	-75.34
gain	11	35	-82.61
gain	35	11	-83.85
gain	11	36	-75.87
gain	36	11	-76.59
gain	11	37	-77.25
gain	37	11	-76.56
gain	11	38	-92.68
gain	38	11	-92.94
gain	11	39	-84.45
gain	39	11	-84.15
gain	11	40	-88.09
gain	40	11	-88.43
gain	11	41	-88.41
gain	41	11	-89.36
gain	11	42	-84.13
gain	42	11	-84.89
gain	11	43	-84.92
gain	43	11	-86.56
gain	11	44	-86.50
gain	44	11	-86.70
gain	11	45	-81.06
gain	45	11	-80.94
gain	11	46	-83.63
gain	46	11	-84.41
gain	11	47	-92.20
gain	47	11	-93.49
gain	11	48	-95.12
gain	48	11	-96.05
gain	11	49	-96.10
gain	49	11	-98.72
gain	11	50	-90.73
gain	50	11	-90.21
gain	11	51	-87.85
gain	51	11	-87.15
gain	11	52	-92.96
gain	52	11	-94.57
gain	11	53	-87.01
gain	53	11	-85.02
gain	11	54	-94.68
gain	54	11	-94.39
gain	11	55	-99.76
gain	55	11	-100.12
gain	11	56	-90.56
gain	56	11	-91.48
gain	11	57	-94.37
gain	57	11	-95.15
gain	11	58	-93.99
gain	58	11	-93.44
gain	11	59	-92.65
gain	59	11	-93.67
gain	11	60	-90.76
gain	60	11	-90.71
gain	11	61	-89.80
gain	61	11	-89.82
gain	11	62	-95.86
gain	62	11	-95.20
gain	11	63	-89.45
gain	63	11	-88.15
gain	12	13	-54.36
gain	13	12	-54.11
gain	12	14	-70.39
gain	14	12	-70.57
gain	12	15	-82.50
gain	15	12	-80.30
gain	12	16	-81.86
gain	16	12	-79.04
gain	12	17	-74.75
gain	17	12	-75.55
gain	12	18	-76.70
gain	18	12	-75.86
gain	12	19	-61.47
gain	19	12	-60.96
gain	12	20	-56.35
gain	20	12	-53.30
gain	12	21	-62.39
gain	21	12	-61.09
gain	12	22	-74.68
gain	22	12	-73.74
gain	12	23	-78.01
gain	23	12	-78.04
gain	12	24	-88.61
gain	24	12	-86.96
gain	12	25	-86.72
gain	25	12	-84.18
gain	12	26	-75.65
gain	26	12	-73.04
gain	12	27	-74.99
gain	27	12	-75.30
gain	12	28	-70.15
gain	28	12	-68.62
gain	12	29	-74.67
gain	29	12	-73.13
gain	12	30	-81.68
gain	30	12	-80.04
gain	12	31	-77.72
gain	31	12	-77.43
gain	12	32	-93.26
gain	32	12	-91.45
gain	12	33	-86.37
gain	33	12	-84.59
gain	12	34	-83.07
gain	34	12	-80.78
gain	12	35	-71.65
gain	35	12	-71.37
gain	12	36	-79.18
gain	36	12	-78.37
gain	12	37	-79.24
gain	37	12	-77.03
gain	12	38	-87.27
gain	38	12	-86.01
gain	12	39	-86.95
gain	39	12	-85.13
gain	12	40	-87.47
gain	40	12	-86.29
gain	12	41	-90.11
gain	41	12	-89.53
gain	12	42	-83.30
gain	42	12	-82.54
gain	12	43	-84.71
gain	43	12	-84.83
gain	12	44	-80.33
gain	44	12	-79.02
gain	12	45	-83.28
gain	45	12	-81.63
gain	12	46	-86.23
gain	46	12	-85.48
gain	12	47	-86.52
gain	47	12	-86.28
gain	12	48	-88.35
gain	48	12	-87.76
gain	12	49	-94.78
gain	49	12	-95.87
gain	12	50	-89.79
gain	50	12	-87.75
gain	12	51	-89.47
gain	51	12	-87.25
gain	12	52	-94.34
gain	52	12	-94.43
gain	12	53	-90.30
gain	53	12	-86.79
gain	12	54	-90.66
gain	54	12	-88.84
gain	12	55	-85.58
gain	55	12	-84.41
gain	12	56	-93.78
gain	56	12	-93.17
gain	12	57	-96.91
gain	57	12	-96.17
gain	12	58	-92.15
gain	58	12	-90.08
gain	12	59	-92.86
gain	59	12	-92.35
gain	12	60	-99.25
gain	60	12	-97.68
gain	12	61	-93.70
gain	61	12	-92.21
gain	12	62	-95.55
gain	62	12	-93.37
gain	12	63	-96.70
gain	63	12	-93.88
gain	13	14	-53.92
gain	14	13	-54.35
gain	13	15	-68.93
gain	15	13	-66.98
gain	13	16	-91.54
gain	16	13	-88.97
gain	13	17	-83.92
gain	17	13	-84.97
gain	13	18	-77.36
gain	18	13	-76.77
gain	13	19	-73.47
gain	19	13	-73.21
gain	13	20	-58.99
gain	20	13	-56.19
gain	13	21	-59.21
gain	21	13	-58.16
gain	13	22	-66.21
gain	22	13	-65.51
gain	13	23	-69.61
gain	23	13	-69.88
gain	13	24	-90.16
gain	24	13	-88.76
gain	13	25	-85.12
gain	25	13	-82.83
gain	13	26	-83.49
gain	26	13	-81.13
gain	13	27	-77.48
gain	27	13	-78.04
gain	13	28	-74.23
gain	28	13	-72.94
gain	13	29	-69.85
gain	29	13	-68.56
gain	13	30	-84.20
gain	30	13	-82.80
gain	13	31	-77.39
gain	31	13	-77.35
gain	13	32	-92.38
gain	32	13	-90.82
gain	13	33	-93.57
gain	33	13	-92.03
gain	13	34	-87.12
gain	34	13	-85.09
gain	13	35	-78.90
gain	35	13	-78.86
gain	13	36	-79.91
gain	36	13	-79.35
gain	13	37	-82.28
gain	37	13	-80.32
gain	13	38	-82.38
gain	38	13	-81.37
gain	13	39	-82.09
gain	39	13	-80.52
gain	13	40	-96.13
gain	40	13	-95.20
gain	13	41	-84.79
gain	41	13	-84.47
gain	13	42	-92.06
gain	42	13	-91.55
gain	13	43	-91.98
gain	43	13	-92.34
gain	13	44	-87.31
gain	44	13	-86.25
gain	13	45	-87.79
gain	45	13	-86.39
gain	13	46	-90.23
gain	46	13	-89.74
gain	13	47	-87.64
gain	47	13	-87.65
gain	13	48	-95.30
gain	48	13	-94.96
gain	13	49	-94.95
gain	49	13	-96.29
gain	13	50	-88.14
gain	50	13	-86.35
gain	13	51	-89.84
gain	51	13	-87.87
gain	13	52	-86.73
gain	52	13	-87.07
gain	13	53	-88.07
gain	53	13	-84.81
gain	13	54	-93.18
gain	54	13	-91.61
gain	13	55	-90.23
gain	55	13	-89.31
gain	13	56	-108.98
gain	56	13	-108.62
gain	13	57	-98.71
gain	57	13	-98.22
gain	13	58	-100.26
gain	58	13	-98.43
gain	13	59	-90.64
gain	59	13	-90.39
gain	13	60	-96.70
gain	60	13	-95.39
gain	13	61	-91.10
gain	61	13	-89.85
gain	13	62	-96.29
gain	62	13	-94.37
gain	13	63	-95.60
gain	63	13	-93.03
gain	14	15	-58.29
gain	15	14	-55.91
gain	14	16	-92.23
gain	16	14	-89.23
gain	14	17	-94.84
gain	17	14	-95.46
gain	14	18	-80.29
gain	18	14	-79.26
gain	14	19	-80.50
gain	19	14	-79.82
gain	14	20	-69.50
gain	20	14	-66.27
gain	14	21	-65.47
gain	21	14	-63.99
gain	14	22	-56.17
gain	22	14	-55.05
gain	14	23	-64.02
gain	23	14	-63.87
gain	14	24	-97.78
gain	24	14	-95.95
gain	14	25	-92.23
gain	25	14	-89.52
gain	14	26	-88.25
gain	26	14	-85.46
gain	14	27	-83.81
gain	27	14	-83.94
gain	14	28	-76.02
gain	28	14	-74.30
gain	14	29	-75.20
gain	29	14	-73.48
gain	14	30	-75.34
gain	30	14	-73.52
gain	14	31	-74.81
gain	31	14	-74.34
gain	14	32	-90.32
gain	32	14	-88.33
gain	14	33	-92.16
gain	33	14	-90.20
gain	14	34	-89.50
gain	34	14	-87.04
gain	14	35	-86.32
gain	35	14	-85.86
gain	14	36	-88.05
gain	36	14	-87.07
gain	14	37	-82.18
gain	37	14	-79.79
gain	14	38	-77.58
gain	38	14	-76.14
gain	14	39	-80.32
gain	39	14	-78.33
gain	14	40	-99.73
gain	40	14	-98.37
gain	14	41	-98.71
gain	41	14	-97.96
gain	14	42	-90.84
gain	42	14	-89.90
gain	14	43	-92.11
gain	43	14	-92.05
gain	14	44	-90.28
gain	44	14	-88.79
gain	14	45	-87.74
gain	45	14	-85.92
gain	14	46	-82.96
gain	46	14	-82.04
gain	14	47	-88.58
gain	47	14	-88.17
gain	14	48	-98.20
gain	48	14	-97.43
gain	14	49	-96.05
gain	49	14	-96.97
gain	14	50	-101.25
gain	50	14	-99.03
gain	14	51	-94.09
gain	51	14	-91.69
gain	14	52	-95.30
gain	52	14	-95.22
gain	14	53	-89.46
gain	53	14	-85.77
gain	14	54	-91.98
gain	54	14	-89.98
gain	14	55	-85.41
gain	55	14	-84.06
gain	14	56	-103.93
gain	56	14	-103.14
gain	14	57	-102.45
gain	57	14	-101.53
gain	14	58	-100.32
gain	58	14	-98.07
gain	14	59	-94.09
gain	59	14	-93.41
gain	14	60	-97.77
gain	60	14	-96.03
gain	14	61	-92.73
gain	61	14	-91.05
gain	14	62	-90.39
gain	62	14	-88.04
gain	14	63	-95.24
gain	63	14	-92.24
gain	15	16	-92.18
gain	16	15	-91.56
gain	15	17	-92.59
gain	17	15	-95.59
gain	15	18	-83.19
gain	18	15	-84.55
gain	15	19	-82.54
gain	19	15	-84.24
gain	15	20	-78.52
gain	20	15	-77.68
gain	15	21	-71.73
gain	21	15	-72.64
gain	15	22	-59.65
gain	22	15	-60.91
gain	15	23	-54.89
gain	23	15	-57.12
gain	15	24	-96.30
gain	24	15	-96.86
gain	15	25	-92.10
gain	25	15	-91.77
gain	15	26	-95.30
gain	26	15	-94.89
gain	15	27	-89.90
gain	27	15	-92.42
gain	15	28	-83.12
gain	28	15	-83.79
gain	15	29	-74.51
gain	29	15	-75.17
gain	15	30	-75.06
gain	30	15	-75.62
gain	15	31	-73.74
gain	31	15	-75.65
gain	15	32	-92.53
gain	32	15	-92.92
gain	15	33	-92.95
gain	33	15	-93.37
gain	15	34	-92.78
gain	34	15	-92.70
gain	15	35	-84.51
gain	35	15	-86.43
gain	15	36	-82.47
gain	36	15	-83.87
gain	15	37	-81.28
gain	37	15	-81.27
gain	15	38	-77.89
gain	38	15	-78.84
gain	15	39	-77.54
gain	39	15	-77.93
gain	15	40	-95.48
gain	40	15	-96.50
gain	15	41	-92.82
gain	41	15	-94.46
gain	15	42	-93.51
gain	42	15	-94.96
gain	15	43	-88.17
gain	43	15	-90.49
gain	15	44	-87.53
gain	44	15	-88.43
gain	15	45	-82.25
gain	45	15	-82.81
gain	15	46	-84.22
gain	46	15	-85.68
gain	15	47	-83.13
gain	47	15	-85.10
gain	15	48	-104.24
gain	48	15	-105.84
gain	15	49	-96.53
gain	49	15	-99.83
gain	15	50	-94.05
gain	50	15	-94.22
gain	15	51	-93.46
gain	51	15	-93.45
gain	15	52	-99.98
gain	52	15	-102.28
gain	15	53	-87.03
gain	53	15	-85.73
gain	15	54	-93.00
gain	54	15	-93.39
gain	15	55	-89.67
gain	55	15	-90.70
gain	15	56	-100.23
gain	56	15	-101.82
gain	15	57	-96.52
gain	57	15	-97.99
gain	15	58	-93.61
gain	58	15	-93.74
gain	15	59	-97.96
gain	59	15	-99.66
gain	15	60	-97.96
gain	60	15	-98.60
gain	15	61	-90.41
gain	61	15	-91.12
gain	15	62	-92.38
gain	62	15	-92.41
gain	15	63	-92.26
gain	63	15	-91.64
gain	16	17	-49.34
gain	17	16	-52.96
gain	16	18	-69.23
gain	18	16	-71.20
gain	16	19	-76.99
gain	19	16	-79.31
gain	16	20	-87.94
gain	20	16	-87.71
gain	16	21	-85.75
gain	21	16	-87.27
gain	16	22	-91.59
gain	22	16	-93.47
gain	16	23	-86.71
gain	23	16	-89.56
gain	16	24	-54.37
gain	24	16	-55.54
gain	16	25	-57.79
gain	25	16	-58.08
gain	16	26	-66.34
gain	26	16	-66.55
gain	16	27	-84.76
gain	27	16	-87.89
gain	16	28	-84.29
gain	28	16	-85.57
gain	16	29	-88.00
gain	29	16	-89.28
gain	16	30	-89.40
gain	30	16	-90.58
gain	16	31	-91.81
gain	31	16	-94.33
gain	16	32	-65.52
gain	32	16	-66.52
gain	16	33	-64.88
gain	33	16	-65.92
gain	16	34	-72.63
gain	34	16	-73.16
gain	16	35	-84.45
gain	35	16	-86.99
gain	16	36	-83.99
gain	36	16	-86.01
gain	16	37	-89.02
gain	37	16	-89.63
gain	16	38	-97.81
gain	38	16	-99.37
gain	16	39	-96.20
gain	39	16	-97.21
gain	16	40	-76.02
gain	40	16	-77.66
gain	16	41	-76.62
gain	41	16	-78.87
gain	16	42	-80.14
gain	42	16	-82.21
gain	16	43	-85.55
gain	43	16	-88.49
gain	16	44	-85.78
gain	44	16	-87.29
gain	16	45	-91.33
gain	45	16	-92.50
gain	16	46	-85.13
gain	46	16	-87.21
gain	16	47	-96.31
gain	47	16	-98.90
gain	16	48	-83.53
gain	48	16	-85.75
gain	16	49	-80.66
gain	49	16	-84.57
gain	16	50	-88.71
gain	50	16	-89.49
gain	16	51	-84.94
gain	51	16	-85.54
gain	16	52	-93.86
gain	52	16	-96.77
gain	16	53	-89.47
gain	53	16	-88.78
gain	16	54	-90.79
gain	54	16	-91.79
gain	16	55	-98.28
gain	55	16	-99.93
gain	16	56	-78.62
gain	56	16	-80.83
gain	16	57	-83.51
gain	57	16	-85.59
gain	16	58	-85.87
gain	58	16	-86.62
gain	16	59	-94.81
gain	59	16	-97.13
gain	16	60	-89.30
gain	60	16	-90.55
gain	16	61	-92.04
gain	61	16	-93.36
gain	16	62	-92.68
gain	62	16	-93.32
gain	16	63	-101.60
gain	63	16	-101.60
gain	17	18	-58.34
gain	18	17	-56.70
gain	17	19	-71.10
gain	19	17	-69.80
gain	17	20	-79.90
gain	20	17	-76.05
gain	17	21	-86.71
gain	21	17	-84.61
gain	17	22	-91.01
gain	22	17	-89.27
gain	17	23	-96.28
gain	23	17	-95.51
gain	17	24	-64.67
gain	24	17	-62.22
gain	17	25	-55.38
gain	25	17	-52.04
gain	17	26	-66.37
gain	26	17	-62.96
gain	17	27	-79.06
gain	27	17	-78.57
gain	17	28	-80.60
gain	28	17	-78.27
gain	17	29	-87.34
gain	29	17	-85.01
gain	17	30	-91.65
gain	30	17	-89.21
gain	17	31	-89.85
gain	31	17	-88.76
gain	17	32	-76.61
gain	32	17	-74.00
gain	17	33	-69.72
gain	33	17	-67.14
gain	17	34	-71.90
gain	34	17	-68.82
gain	17	35	-85.27
gain	35	17	-84.19
gain	17	36	-83.63
gain	36	17	-82.03
gain	17	37	-86.48
gain	37	17	-83.47
gain	17	38	-88.20
gain	38	17	-86.14
gain	17	39	-93.43
gain	39	17	-90.81
gain	17	40	-80.09
gain	40	17	-78.11
gain	17	41	-82.03
gain	41	17	-80.66
gain	17	42	-78.55
gain	42	17	-77.00
gain	17	43	-83.20
gain	43	17	-82.51
gain	17	44	-86.76
gain	44	17	-84.65
gain	17	45	-91.25
gain	45	17	-88.80
gain	17	46	-91.98
gain	46	17	-90.44
gain	17	47	-98.88
gain	47	17	-97.85
gain	17	48	-87.91
gain	48	17	-86.52
gain	17	49	-88.25
gain	49	17	-88.55
gain	17	50	-82.84
gain	50	17	-80.01
gain	17	51	-87.06
gain	51	17	-84.04
gain	17	52	-90.44
gain	52	17	-89.73
gain	17	53	-93.46
gain	53	17	-89.15
gain	17	54	-91.18
gain	54	17	-88.56
gain	17	55	-100.33
gain	55	17	-98.36
gain	17	56	-96.44
gain	56	17	-95.03
gain	17	57	-92.04
gain	57	17	-90.50
gain	17	58	-87.76
gain	58	17	-84.89
gain	17	59	-89.55
gain	59	17	-88.25
gain	17	60	-94.59
gain	60	17	-92.23
gain	17	61	-94.51
gain	61	17	-92.21
gain	17	62	-101.21
gain	62	17	-98.24
gain	17	63	-105.35
gain	63	17	-101.73
gain	18	19	-53.63
gain	19	18	-53.97
gain	18	20	-66.93
gain	20	18	-64.73
gain	18	21	-75.18
gain	21	18	-74.72
gain	18	22	-78.05
gain	22	18	-77.96
gain	18	23	-91.69
gain	23	18	-92.57
gain	18	24	-73.49
gain	24	18	-72.69
gain	18	25	-68.73
gain	25	18	-67.04
gain	18	26	-53.32
gain	26	18	-51.56
gain	18	27	-61.65
gain	27	18	-62.80
gain	18	28	-72.93
gain	28	18	-72.24
gain	18	29	-76.83
gain	29	18	-76.14
gain	18	30	-88.23
gain	30	18	-87.43
gain	18	31	-90.31
gain	31	18	-90.87
gain	18	32	-73.43
gain	32	18	-72.47
gain	18	33	-74.05
gain	33	18	-73.11
gain	18	34	-70.49
gain	34	18	-69.05
gain	18	35	-73.71
gain	35	18	-74.28
gain	18	36	-72.94
gain	36	18	-72.98
gain	18	37	-84.91
gain	37	18	-83.55
gain	18	38	-85.18
gain	38	18	-84.77
gain	18	39	-94.83
gain	39	18	-93.86
gain	18	40	-77.83
gain	40	18	-77.49
gain	18	41	-79.50
gain	41	18	-79.77
gain	18	42	-75.73
gain	42	18	-75.82
gain	18	43	-78.96
gain	43	18	-79.93
gain	18	44	-81.86
gain	44	18	-81.39
gain	18	45	-85.91
gain	45	18	-85.11
gain	18	46	-92.13
gain	46	18	-92.24
gain	18	47	-99.48
gain	47	18	-100.10
gain	18	48	-84.73
gain	48	18	-84.98
gain	18	49	-85.77
gain	49	18	-87.71
gain	18	50	-92.59
gain	50	18	-91.40
gain	18	51	-83.42
gain	51	18	-82.05
gain	18	52	-87.28
gain	52	18	-88.22
gain	18	53	-85.24
gain	53	18	-82.58
gain	18	54	-89.12
gain	54	18	-88.14
gain	18	55	-91.71
gain	55	18	-91.39
gain	18	56	-85.99
gain	56	18	-86.23
gain	18	57	-88.37
gain	57	18	-88.47
gain	18	58	-86.23
gain	58	18	-85.01
gain	18	59	-89.32
gain	59	18	-89.66
gain	18	60	-93.19
gain	60	18	-92.47
gain	18	61	-92.80
gain	61	18	-92.14
gain	18	62	-93.08
gain	62	18	-91.75
gain	18	63	-96.35
gain	63	18	-94.37
gain	19	20	-59.42
gain	20	19	-56.87
gain	19	21	-75.27
gain	21	19	-74.47
gain	19	22	-79.87
gain	22	19	-79.43
gain	19	23	-88.93
gain	23	19	-89.46
gain	19	24	-78.13
gain	24	19	-76.99
gain	19	25	-69.99
gain	25	19	-67.95
gain	19	26	-68.55
gain	26	19	-66.44
gain	19	27	-58.63
gain	27	19	-59.44
gain	19	28	-60.84
gain	28	19	-59.81
gain	19	29	-72.60
gain	29	19	-71.56
gain	19	30	-77.30
gain	30	19	-76.16
gain	19	31	-80.97
gain	31	19	-81.18
gain	19	32	-82.10
gain	32	19	-80.79
gain	19	33	-81.29
gain	33	19	-80.01
gain	19	34	-62.92
gain	34	19	-61.14
gain	19	35	-70.01
gain	35	19	-70.23
gain	19	36	-72.38
gain	36	19	-72.07
gain	19	37	-73.60
gain	37	19	-71.90
gain	19	38	-86.82
gain	38	19	-86.06
gain	19	39	-85.30
gain	39	19	-83.98
gain	19	40	-85.89
gain	40	19	-85.21
gain	19	41	-85.72
gain	41	19	-85.65
gain	19	42	-75.31
gain	42	19	-75.05
gain	19	43	-78.48
gain	43	19	-79.10
gain	19	44	-82.21
gain	44	19	-81.40
gain	19	45	-81.22
gain	45	19	-80.07
gain	19	46	-87.43
gain	46	19	-87.19
gain	19	47	-88.39
gain	47	19	-88.66
gain	19	48	-87.58
gain	48	19	-87.49
gain	19	49	-83.22
gain	49	19	-84.81
gain	19	50	-80.01
gain	50	19	-78.47
gain	19	51	-78.97
gain	51	19	-77.25
gain	19	52	-85.18
gain	52	19	-85.77
gain	19	53	-93.68
gain	53	19	-90.68
gain	19	54	-91.57
gain	54	19	-90.25
gain	19	55	-93.86
gain	55	19	-93.20
gain	19	56	-91.86
gain	56	19	-91.76
gain	19	57	-91.84
gain	57	19	-91.60
gain	19	58	-84.72
gain	58	19	-83.15
gain	19	59	-91.06
gain	59	19	-91.06
gain	19	60	-88.88
gain	60	19	-87.81
gain	19	61	-88.43
gain	61	19	-87.43
gain	19	62	-90.96
gain	62	19	-89.29
gain	19	63	-93.94
gain	63	19	-91.63
gain	20	21	-54.54
gain	21	20	-56.28
gain	20	22	-64.76
gain	22	20	-66.87
gain	20	23	-74.43
gain	23	20	-77.51
gain	20	24	-85.78
gain	24	20	-87.18
gain	20	25	-77.52
gain	25	20	-78.03
gain	20	26	-71.03
gain	26	20	-71.47
gain	20	27	-53.85
gain	27	20	-57.21
gain	20	28	-57.57
gain	28	20	-59.08
gain	20	29	-65.13
gain	29	20	-66.64
gain	20	30	-74.46
gain	30	20	-75.87
gain	20	31	-78.31
gain	31	20	-81.06
gain	20	32	-82.66
gain	32	20	-83.89
gain	20	33	-79.97
gain	33	20	-81.24
gain	20	34	-77.24
gain	34	20	-78.01
gain	20	35	-75.79
gain	35	20	-78.56
gain	20	36	-63.56
gain	36	20	-65.80
gain	20	37	-71.67
gain	37	20	-72.50
gain	20	38	-73.86
gain	38	20	-75.65
gain	20	39	-78.00
gain	39	20	-79.23
gain	20	40	-87.83
gain	40	20	-89.70
gain	20	41	-85.00
gain	41	20	-87.48
gain	20	42	-82.54
gain	42	20	-84.83
gain	20	43	-74.81
gain	43	20	-77.97
gain	20	44	-73.90
gain	44	20	-75.64
gain	20	45	-77.51
gain	45	20	-78.91
gain	20	46	-80.42
gain	46	20	-82.73
gain	20	47	-86.46
gain	47	20	-89.27
gain	20	48	-88.10
gain	48	20	-90.56
gain	20	49	-86.67
gain	49	20	-90.81
gain	20	50	-85.56
gain	50	20	-86.57
gain	20	51	-89.42
gain	51	20	-90.24
gain	20	52	-85.34
gain	52	20	-88.48
gain	20	53	-79.20
gain	53	20	-78.74
gain	20	54	-83.21
gain	54	20	-84.44
gain	20	55	-86.07
gain	55	20	-87.95
gain	20	56	-93.94
gain	56	20	-96.38
gain	20	57	-92.31
gain	57	20	-94.61
gain	20	58	-91.95
gain	58	20	-92.92
gain	20	59	-87.71
gain	59	20	-90.25
gain	20	60	-91.18
gain	60	20	-92.66
gain	20	61	-87.12
gain	61	20	-88.67
gain	20	62	-85.51
gain	62	20	-86.38
gain	20	63	-90.56
gain	63	20	-90.79
gain	21	22	-60.87
gain	22	21	-61.22
gain	21	23	-67.29
gain	23	21	-68.62
gain	21	24	-83.76
gain	24	21	-83.42
gain	21	25	-86.77
gain	25	21	-85.54
gain	21	26	-74.31
gain	26	21	-73.00
gain	21	27	-73.49
gain	27	21	-75.10
gain	21	28	-59.37
gain	28	21	-59.14
gain	21	29	-53.18
gain	29	21	-52.95
gain	21	30	-64.87
gain	30	21	-64.53
gain	21	31	-69.91
gain	31	21	-70.92
gain	21	32	-91.87
gain	32	21	-91.35
gain	21	33	-91.23
gain	33	21	-90.75
gain	21	34	-77.28
gain	34	21	-76.30
gain	21	35	-75.67
gain	35	21	-76.69
gain	21	36	-71.33
gain	36	21	-71.83
gain	21	37	-70.76
gain	37	21	-69.85
gain	21	38	-72.85
gain	38	21	-72.90
gain	21	39	-76.80
gain	39	21	-76.28
gain	21	40	-93.45
gain	40	21	-93.57
gain	21	41	-88.19
gain	41	21	-88.92
gain	21	42	-85.60
gain	42	21	-86.15
gain	21	43	-85.01
gain	43	21	-86.43
gain	21	44	-86.49
gain	44	21	-86.48
gain	21	45	-79.40
gain	45	21	-79.05
gain	21	46	-78.10
gain	46	21	-78.66
gain	21	47	-82.22
gain	47	21	-83.29
gain	21	48	-91.52
gain	48	21	-92.22
gain	21	49	-89.86
gain	49	21	-92.25
gain	21	50	-88.19
gain	50	21	-87.46
gain	21	51	-81.94
gain	51	21	-81.02
gain	21	52	-83.92
gain	52	21	-85.31
gain	21	53	-91.94
gain	53	21	-89.73
gain	21	54	-83.67
gain	54	21	-83.15
gain	21	55	-83.14
gain	55	21	-83.27
gain	21	56	-94.53
gain	56	21	-95.22
gain	21	57	-91.22
gain	57	21	-91.78
gain	21	58	-92.98
gain	58	21	-92.21
gain	21	59	-89.95
gain	59	21	-90.75
gain	21	60	-84.29
gain	60	21	-84.02
gain	21	61	-88.82
gain	61	21	-88.62
gain	21	62	-85.24
gain	62	21	-84.36
gain	21	63	-85.78
gain	63	21	-84.27
gain	22	23	-56.22
gain	23	22	-57.19
gain	22	24	-88.29
gain	24	22	-87.58
gain	22	25	-89.67
gain	25	22	-88.07
gain	22	26	-89.51
gain	26	22	-87.85
gain	22	27	-77.51
gain	27	22	-78.76
gain	22	28	-67.63
gain	28	22	-67.04
gain	22	29	-61.27
gain	29	22	-60.67
gain	22	30	-54.77
gain	30	22	-54.07
gain	22	31	-66.22
gain	31	22	-66.87
gain	22	32	-93.42
gain	32	22	-92.55
gain	22	33	-93.17
gain	33	22	-92.33
gain	22	34	-85.60
gain	34	22	-84.26
gain	22	35	-79.44
gain	35	22	-80.10
gain	22	36	-81.20
gain	36	22	-81.34
gain	22	37	-69.73
gain	37	22	-68.47
gain	22	38	-65.95
gain	38	22	-65.64
gain	22	39	-72.26
gain	39	22	-71.39
gain	22	40	-96.09
gain	40	22	-95.86
gain	22	41	-94.07
gain	41	22	-94.44
gain	22	42	-83.08
gain	42	22	-83.26
gain	22	43	-88.88
gain	43	22	-89.94
gain	22	44	-77.01
gain	44	22	-76.64
gain	22	45	-83.12
gain	45	22	-82.42
gain	22	46	-75.62
gain	46	22	-75.82
gain	22	47	-85.98
gain	47	22	-86.69
gain	22	48	-92.13
gain	48	22	-92.48
gain	22	49	-96.52
gain	49	22	-98.55
gain	22	50	-100.10
gain	50	22	-99.01
gain	22	51	-85.87
gain	51	22	-84.59
gain	22	52	-83.94
gain	52	22	-84.98
gain	22	53	-86.16
gain	53	22	-83.59
gain	22	54	-82.22
gain	54	22	-81.35
gain	22	55	-86.58
gain	55	22	-86.36
gain	22	56	-99.77
gain	56	22	-100.11
gain	22	57	-95.92
gain	57	22	-96.12
gain	22	58	-92.43
gain	58	22	-91.31
gain	22	59	-91.48
gain	59	22	-91.92
gain	22	60	-88.86
gain	60	22	-88.24
gain	22	61	-88.15
gain	61	22	-87.59
gain	22	62	-91.31
gain	62	22	-90.08
gain	22	63	-87.02
gain	63	22	-85.15
gain	23	24	-93.82
gain	24	23	-92.14
gain	23	25	-94.54
gain	25	23	-91.97
gain	23	26	-89.73
gain	26	23	-87.09
gain	23	27	-87.98
gain	27	23	-88.26
gain	23	28	-83.06
gain	28	23	-81.50
gain	23	29	-71.22
gain	29	23	-69.65
gain	23	30	-62.81
gain	30	23	-61.14
gain	23	31	-61.21
gain	31	23	-60.89
gain	23	32	-94.87
gain	32	23	-93.03
gain	23	33	-102.44
gain	33	23	-100.63
gain	23	34	-90.18
gain	34	23	-87.87
gain	23	35	-88.08
gain	35	23	-87.77
gain	23	36	-79.81
gain	36	23	-78.98
gain	23	37	-73.78
gain	37	23	-71.54
gain	23	38	-75.57
gain	38	23	-74.29
gain	23	39	-76.17
gain	39	23	-74.33
gain	23	40	-92.98
gain	40	23	-91.77
gain	23	41	-96.82
gain	41	23	-96.22
gain	23	42	-95.90
gain	42	23	-95.12
gain	23	43	-88.76
gain	43	23	-88.85
gain	23	44	-84.11
gain	44	23	-82.77
gain	23	45	-82.95
gain	45	23	-81.28
gain	23	46	-79.71
gain	46	23	-78.94
gain	23	47	-80.45
gain	47	23	-80.19
gain	23	48	-96.75
gain	48	23	-96.13
gain	23	49	-104.11
gain	49	23	-105.17
gain	23	50	-89.88
gain	50	23	-87.81
gain	23	51	-89.00
gain	51	23	-86.75
gain	23	52	-92.81
gain	52	23	-92.87
gain	23	53	-89.90
gain	53	23	-86.37
gain	23	54	-83.93
gain	54	23	-82.09
gain	23	55	-86.57
gain	55	23	-85.38
gain	23	56	-99.94
gain	56	23	-99.30
gain	23	57	-93.82
gain	57	23	-93.05
gain	23	58	-98.42
gain	58	23	-96.32
gain	23	59	-96.79
gain	59	23	-96.26
gain	23	60	-93.31
gain	60	23	-91.71
gain	23	61	-89.61
gain	61	23	-88.08
gain	23	62	-88.60
gain	62	23	-86.40
gain	23	63	-90.73
gain	63	23	-87.88
gain	24	25	-52.96
gain	25	24	-52.07
gain	24	26	-74.45
gain	26	24	-73.48
gain	24	27	-82.37
gain	27	24	-84.33
gain	24	28	-85.56
gain	28	24	-85.68
gain	24	29	-86.01
gain	29	24	-86.12
gain	24	30	-90.99
gain	30	24	-91.00
gain	24	31	-90.92
gain	31	24	-92.27
gain	24	32	-49.38
gain	32	24	-49.22
gain	24	33	-62.76
gain	33	24	-62.62
gain	24	34	-73.99
gain	34	24	-73.36
gain	24	35	-78.65
gain	35	24	-80.02
gain	24	36	-83.61
gain	36	24	-84.46
gain	24	37	-82.27
gain	37	24	-81.71
gain	24	38	-94.76
gain	38	24	-95.15
gain	24	39	-96.22
gain	39	24	-96.05
gain	24	40	-69.27
gain	40	24	-69.74
gain	24	41	-72.77
gain	41	24	-73.85
gain	24	42	-76.03
gain	42	24	-76.92
gain	24	43	-83.58
gain	43	24	-85.34
gain	24	44	-85.70
gain	44	24	-86.04
gain	24	45	-83.65
gain	45	24	-83.65
gain	24	46	-94.77
gain	46	24	-95.67
gain	24	47	-97.83
gain	47	24	-99.25
gain	24	48	-78.91
gain	48	24	-79.96
gain	24	49	-82.04
gain	49	24	-84.78
gain	24	50	-78.52
gain	50	24	-78.13
gain	24	51	-86.31
gain	51	24	-85.73
gain	24	52	-90.87
gain	52	24	-92.61
gain	24	53	-89.51
gain	53	24	-87.65
gain	24	54	-94.19
gain	54	24	-94.02
gain	24	55	-93.52
gain	55	24	-94.00
gain	24	56	-83.19
gain	56	24	-84.23
gain	24	57	-89.30
gain	57	24	-90.21
gain	24	58	-87.83
gain	58	24	-87.40
gain	24	59	-90.02
gain	59	24	-91.17
gain	24	60	-92.75
gain	60	24	-92.83
gain	24	61	-92.57
gain	61	24	-92.72
gain	24	62	-94.68
gain	62	24	-94.16
gain	24	63	-95.52
gain	63	24	-94.34
gain	25	26	-53.00
gain	26	25	-52.93
gain	25	27	-62.66
gain	27	25	-65.50
gain	25	28	-74.96
gain	28	25	-75.97
gain	25	29	-85.54
gain	29	25	-86.54
gain	25	30	-88.97
gain	30	25	-89.87
gain	25	31	-94.86
gain	31	25	-97.10
gain	25	32	-62.31
gain	32	25	-63.03
gain	25	33	-52.20
gain	33	25	-52.95
gain	25	34	-61.29
gain	34	25	-61.54
gain	25	35	-70.86
gain	35	25	-73.11
gain	25	36	-81.05
gain	36	25	-82.78
gain	25	37	-87.05
gain	37	25	-87.38
gain	25	38	-87.12
gain	38	25	-88.40
gain	25	39	-86.01
gain	39	25	-86.73
gain	25	40	-70.67
gain	40	25	-72.02
gain	25	41	-67.70
gain	41	25	-69.67
gain	25	42	-76.50
gain	42	25	-78.28
gain	25	43	-74.34
gain	43	25	-76.99
gain	25	44	-81.17
gain	44	25	-82.40
gain	25	45	-83.83
gain	45	25	-84.72
gain	25	46	-89.14
gain	46	25	-90.93
gain	25	47	-95.25
gain	47	25	-97.55
gain	25	48	-74.85
gain	48	25	-76.79
gain	25	49	-78.55
gain	49	25	-82.18
gain	25	50	-75.52
gain	50	25	-76.02
gain	25	51	-81.81
gain	51	25	-82.12
gain	25	52	-82.25
gain	52	25	-84.88
gain	25	53	-83.64
gain	53	25	-82.67
gain	25	54	-88.38
gain	54	25	-89.10
gain	25	55	-96.36
gain	55	25	-97.73
gain	25	56	-77.54
gain	56	25	-79.47
gain	25	57	-86.64
gain	57	25	-88.44
gain	25	58	-85.18
gain	58	25	-85.65
gain	25	59	-81.55
gain	59	25	-83.58
gain	25	60	-83.19
gain	60	25	-84.16
gain	25	61	-87.23
gain	61	25	-88.27
gain	25	62	-89.93
gain	62	25	-90.29
gain	25	63	-94.38
gain	63	25	-94.10
gain	26	27	-59.28
gain	27	26	-62.20
gain	26	28	-68.70
gain	28	26	-69.78
gain	26	29	-76.04
gain	29	26	-77.11
gain	26	30	-88.08
gain	30	26	-89.05
gain	26	31	-83.06
gain	31	26	-85.38
gain	26	32	-68.29
gain	32	26	-69.09
gain	26	33	-63.32
gain	33	26	-64.15
gain	26	34	-51.74
gain	34	26	-52.07
gain	26	35	-62.74
gain	35	26	-65.07
gain	26	36	-75.14
gain	36	26	-76.95
gain	26	37	-69.89
gain	37	26	-70.29
gain	26	38	-83.66
gain	38	26	-85.02
gain	26	39	-90.92
gain	39	26	-91.72
gain	26	40	-79.23
gain	40	26	-80.66
gain	26	41	-67.41
gain	41	26	-69.45
gain	26	42	-66.72
gain	42	26	-68.57
gain	26	43	-73.68
gain	43	26	-76.41
gain	26	44	-74.58
gain	44	26	-75.88
gain	26	45	-81.82
gain	45	26	-82.78
gain	26	46	-90.84
gain	46	26	-92.71
gain	26	47	-87.36
gain	47	26	-89.74
gain	26	48	-82.31
gain	48	26	-84.33
gain	26	49	-83.25
gain	49	26	-86.96
gain	26	50	-75.16
gain	50	26	-75.74
gain	26	51	-79.95
gain	51	26	-80.34
gain	26	52	-82.54
gain	52	26	-85.25
gain	26	53	-83.23
gain	53	26	-82.34
gain	26	54	-83.29
gain	54	26	-84.08
gain	26	55	-89.74
gain	55	26	-91.19
gain	26	56	-81.06
gain	56	26	-83.06
gain	26	57	-76.82
gain	57	26	-78.70
gain	26	58	-85.92
gain	58	26	-86.46
gain	26	59	-82.24
gain	59	26	-84.35
gain	26	60	-88.04
gain	60	26	-89.08
gain	26	61	-85.41
gain	61	26	-86.52
gain	26	62	-92.41
gain	62	26	-92.84
gain	26	63	-92.28
gain	63	26	-92.08
gain	27	28	-53.81
gain	28	27	-51.97
gain	27	29	-71.33
gain	29	27	-69.48
gain	27	30	-80.60
gain	30	27	-78.65
gain	27	31	-86.43
gain	31	27	-85.83
gain	27	32	-80.59
gain	32	27	-78.47
gain	27	33	-71.98
gain	33	27	-69.88
gain	27	34	-67.34
gain	34	27	-64.75
gain	27	35	-58.99
gain	35	27	-58.40
gain	27	36	-68.77
gain	36	27	-67.66
gain	27	37	-78.57
gain	37	27	-76.05
gain	27	38	-84.76
gain	38	27	-83.19
gain	27	39	-91.11
gain	39	27	-88.98
gain	27	40	-85.83
gain	40	27	-84.33
gain	27	41	-81.20
gain	41	27	-80.32
gain	27	42	-69.82
gain	42	27	-68.75
gain	27	43	-65.35
gain	43	27	-65.16
gain	27	44	-68.64
gain	44	27	-67.02
gain	27	45	-78.25
gain	45	27	-76.29
gain	27	46	-83.61
gain	46	27	-82.55
gain	27	47	-89.66
gain	47	27	-89.12
gain	27	48	-93.24
gain	48	27	-92.33
gain	27	49	-83.38
gain	49	27	-84.16
gain	27	50	-78.87
gain	50	27	-76.52
gain	27	51	-77.60
gain	51	27	-75.06
gain	27	52	-85.91
gain	52	27	-85.69
gain	27	53	-84.47
gain	53	27	-80.65
gain	27	54	-86.44
gain	54	27	-84.31
gain	27	55	-87.89
gain	55	27	-86.41
gain	27	56	-89.98
gain	56	27	-89.06
gain	27	57	-82.83
gain	57	27	-81.78
gain	27	58	-88.44
gain	58	27	-86.06
gain	27	59	-85.96
gain	59	27	-85.14
gain	27	60	-83.07
gain	60	27	-81.19
gain	27	61	-86.43
gain	61	27	-84.62
gain	27	62	-89.06
gain	62	27	-86.57
gain	27	63	-92.24
gain	63	27	-89.11
gain	28	29	-54.75
gain	29	28	-54.74
gain	28	30	-63.68
gain	30	28	-63.57
gain	28	31	-81.65
gain	31	28	-82.89
gain	28	32	-85.48
gain	32	28	-85.20
gain	28	33	-76.87
gain	33	28	-76.62
gain	28	34	-69.13
gain	34	28	-68.38
gain	28	35	-63.27
gain	35	28	-64.52
gain	28	36	-51.20
gain	36	28	-51.93
gain	28	37	-67.18
gain	37	28	-66.50
gain	28	38	-71.34
gain	38	28	-71.62
gain	28	39	-81.53
gain	39	28	-81.24
gain	28	40	-83.99
gain	40	28	-84.34
gain	28	41	-84.35
gain	41	28	-85.31
gain	28	42	-78.96
gain	42	28	-79.74
gain	28	43	-68.83
gain	43	28	-70.48
gain	28	44	-70.25
gain	44	28	-70.47
gain	28	45	-74.03
gain	45	28	-73.91
gain	28	46	-77.00
gain	46	28	-77.79
gain	28	47	-82.89
gain	47	28	-84.19
gain	28	48	-87.89
gain	48	28	-88.82
gain	28	49	-87.16
gain	49	28	-89.79
gain	28	50	-82.37
gain	50	28	-81.86
gain	28	51	-75.57
gain	51	28	-74.88
gain	28	52	-73.77
gain	52	28	-75.40
gain	28	53	-83.45
gain	53	28	-81.48
gain	28	54	-82.47
gain	54	28	-82.18
gain	28	55	-84.45
gain	55	28	-84.82
gain	28	56	-96.00
gain	56	28	-96.93
gain	28	57	-92.43
gain	57	28	-93.22
gain	28	58	-85.61
gain	58	28	-85.07
gain	28	59	-87.86
gain	59	28	-88.89
gain	28	60	-82.20
gain	60	28	-82.17
gain	28	61	-83.91
gain	61	28	-83.95
gain	28	62	-89.69
gain	62	28	-89.05
gain	28	63	-90.22
gain	63	28	-88.93
gain	29	30	-56.79
gain	30	29	-56.69
gain	29	31	-69.71
gain	31	29	-70.96
gain	29	32	-89.09
gain	32	29	-88.81
gain	29	33	-80.05
gain	33	29	-79.81
gain	29	34	-83.07
gain	34	29	-82.32
gain	29	35	-71.38
gain	35	29	-72.64
gain	29	36	-58.46
gain	36	29	-59.20
gain	29	37	-59.50
gain	37	29	-58.83
gain	29	38	-62.33
gain	38	29	-62.61
gain	29	39	-71.28
gain	39	29	-71.00
gain	29	40	-89.16
gain	40	29	-89.52
gain	29	41	-86.66
gain	41	29	-87.63
gain	29	42	-79.38
gain	42	29	-80.17
gain	29	43	-75.79
gain	43	29	-77.45
gain	29	44	-72.41
gain	44	29	-72.64
gain	29	45	-72.39
gain	45	29	-72.28
gain	29	46	-74.03
gain	46	29	-74.83
gain	29	47	-79.67
gain	47	29	-80.98
gain	29	48	-94.77
gain	48	29	-95.71
gain	29	49	-91.66
gain	49	29	-94.29
gain	29	50	-85.99
gain	50	29	-85.49
gain	29	51	-79.15
gain	51	29	-78.47
gain	29	52	-80.53
gain	52	29	-82.16
gain	29	53	-77.59
gain	53	29	-75.62
gain	29	54	-78.91
gain	54	29	-78.63
gain	29	55	-80.39
gain	55	29	-80.76
gain	29	56	-92.72
gain	56	29	-93.65
gain	29	57	-91.42
gain	57	29	-92.22
gain	29	58	-88.46
gain	58	29	-87.93
gain	29	59	-88.91
gain	59	29	-89.95
gain	29	60	-88.66
gain	60	29	-88.63
gain	29	61	-85.25
gain	61	29	-85.29
gain	29	62	-83.02
gain	62	29	-82.39
gain	29	63	-85.75
gain	63	29	-84.47
gain	30	31	-49.51
gain	31	30	-50.85
gain	30	32	-96.13
gain	32	30	-95.96
gain	30	33	-91.58
gain	33	30	-91.44
gain	30	34	-88.04
gain	34	30	-87.40
gain	30	35	-81.67
gain	35	30	-83.03
gain	30	36	-70.30
gain	36	30	-71.14
gain	30	37	-60.02
gain	37	30	-59.45
gain	30	38	-54.90
gain	38	30	-55.28
gain	30	39	-65.30
gain	39	30	-65.12
gain	30	40	-94.75
gain	40	30	-95.21
gain	30	41	-90.83
gain	41	30	-91.90
gain	30	42	-83.21
gain	42	30	-84.09
gain	30	43	-78.84
gain	43	30	-80.60
gain	30	44	-74.25
gain	44	30	-74.58
gain	30	45	-69.29
gain	45	30	-69.28
gain	30	46	-67.08
gain	46	30	-67.98
gain	30	47	-67.10
gain	47	30	-68.51
gain	30	48	-93.46
gain	48	30	-94.51
gain	30	49	-90.65
gain	49	30	-93.38
gain	30	50	-86.48
gain	50	30	-86.09
gain	30	51	-86.81
gain	51	30	-86.23
gain	30	52	-82.92
gain	52	30	-84.65
gain	30	53	-73.79
gain	53	30	-71.93
gain	30	54	-73.15
gain	54	30	-72.97
gain	30	55	-74.48
gain	55	30	-74.95
gain	30	56	-97.78
gain	56	30	-98.81
gain	30	57	-93.76
gain	57	30	-94.66
gain	30	58	-91.06
gain	58	30	-90.63
gain	30	59	-87.37
gain	59	30	-88.50
gain	30	60	-87.61
gain	60	30	-87.69
gain	30	61	-84.18
gain	61	30	-84.33
gain	30	62	-84.90
gain	62	30	-84.37
gain	30	63	-85.61
gain	63	30	-84.43
gain	31	32	-99.09
gain	32	31	-97.57
gain	31	33	-101.49
gain	33	31	-100.00
gain	31	34	-91.47
gain	34	31	-89.48
gain	31	35	-84.71
gain	35	31	-84.73
gain	31	36	-76.25
gain	36	31	-75.74
gain	31	37	-72.00
gain	37	31	-70.08
gain	31	38	-61.11
gain	38	31	-60.14
gain	31	39	-61.85
gain	39	31	-60.33
gain	31	40	-104.52
gain	40	31	-103.63
gain	31	41	-90.63
gain	41	31	-90.35
gain	31	42	-89.19
gain	42	31	-88.73
gain	31	43	-88.93
gain	43	31	-89.34
gain	31	44	-85.09
gain	44	31	-84.07
gain	31	45	-78.97
gain	45	31	-77.62
gain	31	46	-72.29
gain	46	31	-71.84
gain	31	47	-65.45
gain	47	31	-65.51
gain	31	48	-102.35
gain	48	31	-102.05
gain	31	49	-101.11
gain	49	31	-102.50
gain	31	50	-90.70
gain	50	31	-88.95
gain	31	51	-93.54
gain	51	31	-91.61
gain	31	52	-86.90
gain	52	31	-87.29
gain	31	53	-86.34
gain	53	31	-83.13
gain	31	54	-79.93
gain	54	31	-78.41
gain	31	55	-75.20
gain	55	31	-74.33
gain	31	56	-103.88
gain	56	31	-103.57
gain	31	57	-93.34
gain	57	31	-92.89
gain	31	58	-93.26
gain	58	31	-91.48
gain	31	59	-89.51
gain	59	31	-89.30
gain	31	60	-84.64
gain	60	31	-83.37
gain	31	61	-86.07
gain	61	31	-84.87
gain	31	62	-88.70
gain	62	31	-86.82
gain	31	63	-81.19
gain	63	31	-78.66
gain	32	33	-55.05
gain	33	32	-55.08
gain	32	34	-74.51
gain	34	32	-74.04
gain	32	35	-78.74
gain	35	32	-80.27
gain	32	36	-83.07
gain	36	32	-84.08
gain	32	37	-87.63
gain	37	32	-87.23
gain	32	38	-91.04
gain	38	32	-91.60
gain	32	39	-92.17
gain	39	32	-92.17
gain	32	40	-60.91
gain	40	32	-61.54
gain	32	41	-65.53
gain	41	32	-66.77
gain	32	42	-75.83
gain	42	32	-76.88
gain	32	43	-79.02
gain	43	32	-80.96
gain	32	44	-83.44
gain	44	32	-83.94
gain	32	45	-86.92
gain	45	32	-87.09
gain	32	46	-92.63
gain	46	32	-93.70
gain	32	47	-96.82
gain	47	32	-98.40
gain	32	48	-66.07
gain	48	32	-67.29
gain	32	49	-68.32
gain	49	32	-71.23
gain	32	50	-75.65
gain	50	32	-75.42
gain	32	51	-77.85
gain	51	32	-77.44
gain	32	52	-79.08
gain	52	32	-80.99
gain	32	53	-86.19
gain	53	32	-84.50
gain	32	54	-92.16
gain	54	32	-92.15
gain	32	55	-93.07
gain	55	32	-93.71
gain	32	56	-69.01
gain	56	32	-70.21
gain	32	57	-77.70
gain	57	32	-78.78
gain	32	58	-77.69
gain	58	32	-77.43
gain	32	59	-88.78
gain	59	32	-90.09
gain	32	60	-89.07
gain	60	32	-89.31
gain	32	61	-91.66
gain	61	32	-91.98
gain	32	62	-91.91
gain	62	32	-91.55
gain	32	63	-98.68
gain	63	32	-97.67
gain	33	34	-56.01
gain	34	33	-55.51
gain	33	35	-63.87
gain	35	33	-65.38
gain	33	36	-72.84
gain	36	33	-73.82
gain	33	37	-84.86
gain	37	33	-84.43
gain	33	38	-85.97
gain	38	33	-86.49
gain	33	39	-93.44
gain	39	33	-93.41
gain	33	40	-64.35
gain	40	33	-64.95
gain	33	41	-59.91
gain	41	33	-61.13
gain	33	42	-65.43
gain	42	33	-66.46
gain	33	43	-72.72
gain	43	33	-74.62
gain	33	44	-81.28
gain	44	33	-81.75
gain	33	45	-83.13
gain	45	33	-83.27
gain	33	46	-93.72
gain	46	33	-94.76
gain	33	47	-92.27
gain	47	33	-93.82
gain	33	48	-73.91
gain	48	33	-75.09
gain	33	49	-65.74
gain	49	33	-68.62
gain	33	50	-68.62
gain	50	33	-68.36
gain	33	51	-81.73
gain	51	33	-81.29
gain	33	52	-81.34
gain	52	33	-83.21
gain	33	53	-87.87
gain	53	33	-86.14
gain	33	54	-91.07
gain	54	33	-91.03
gain	33	55	-94.87
gain	55	33	-95.48
gain	33	56	-80.21
gain	56	33	-81.38
gain	33	57	-77.25
gain	57	33	-78.29
gain	33	58	-80.29
gain	58	33	-80.00
gain	33	59	-88.00
gain	59	33	-89.28
gain	33	60	-86.42
gain	60	33	-86.63
gain	33	61	-90.41
gain	61	33	-90.70
gain	33	62	-90.86
gain	62	33	-90.47
gain	33	63	-97.49
gain	63	33	-96.45
gain	34	35	-53.53
gain	35	34	-55.54
gain	34	36	-75.04
gain	36	34	-76.52
gain	34	37	-75.92
gain	37	34	-76.00
gain	34	38	-87.54
gain	38	34	-88.56
gain	34	39	-88.91
gain	39	34	-89.37
gain	34	40	-70.51
gain	40	34	-71.61
gain	34	41	-58.06
gain	41	34	-59.77
gain	34	42	-50.97
gain	42	34	-52.49
gain	34	43	-67.11
gain	43	34	-69.51
gain	34	44	-73.27
gain	44	34	-74.24
gain	34	45	-72.75
gain	45	34	-73.39
gain	34	46	-82.26
gain	46	34	-83.80
gain	34	47	-83.39
gain	47	34	-85.44
gain	34	48	-73.15
gain	48	34	-74.84
gain	34	49	-67.68
gain	49	34	-71.05
gain	34	50	-68.93
gain	50	34	-69.17
gain	34	51	-74.18
gain	51	34	-74.24
gain	34	52	-79.53
gain	52	34	-81.90
gain	34	53	-85.48
gain	53	34	-84.26
gain	34	54	-87.13
gain	54	34	-87.59
gain	34	55	-89.17
gain	55	34	-90.28
gain	34	56	-80.20
gain	56	34	-81.88
gain	34	57	-80.76
gain	57	34	-82.31
gain	34	58	-75.87
gain	58	34	-76.08
gain	34	59	-83.90
gain	59	34	-85.68
gain	34	60	-76.46
gain	60	34	-77.17
gain	34	61	-81.49
gain	61	34	-82.27
gain	34	62	-88.81
gain	62	34	-88.92
gain	34	63	-94.47
gain	63	34	-93.94
gain	35	36	-60.32
gain	36	35	-59.80
gain	35	37	-70.99
gain	37	35	-69.06
gain	35	38	-79.85
gain	38	35	-78.87
gain	35	39	-85.77
gain	39	35	-84.24
gain	35	40	-82.79
gain	40	35	-81.89
gain	35	41	-71.67
gain	41	35	-71.38
gain	35	42	-59.00
gain	42	35	-58.52
gain	35	43	-60.54
gain	43	35	-60.94
gain	35	44	-61.28
gain	44	35	-60.25
gain	35	45	-73.38
gain	45	35	-72.01
gain	35	46	-80.87
gain	46	35	-80.42
gain	35	47	-87.10
gain	47	35	-87.15
gain	35	48	-78.56
gain	48	35	-78.24
gain	35	49	-84.18
gain	49	35	-85.55
gain	35	50	-73.55
gain	50	35	-71.80
gain	35	51	-64.90
gain	51	35	-62.96
gain	35	52	-69.07
gain	52	35	-69.45
gain	35	53	-74.82
gain	53	35	-71.60
gain	35	54	-81.94
gain	54	35	-80.40
gain	35	55	-85.63
gain	55	35	-84.75
gain	35	56	-86.13
gain	56	35	-85.80
gain	35	57	-84.61
gain	57	35	-84.16
gain	35	58	-80.15
gain	58	35	-78.36
gain	35	59	-80.99
gain	59	35	-80.77
gain	35	60	-81.93
gain	60	35	-80.65
gain	35	61	-84.40
gain	61	35	-83.18
gain	35	62	-87.75
gain	62	35	-85.86
gain	35	63	-83.76
gain	63	35	-81.22
gain	36	37	-55.26
gain	37	36	-53.86
gain	36	38	-70.85
gain	38	36	-70.39
gain	36	39	-79.15
gain	39	36	-78.14
gain	36	40	-86.64
gain	40	36	-86.26
gain	36	41	-80.65
gain	41	36	-80.89
gain	36	42	-74.55
gain	42	36	-74.59
gain	36	43	-67.90
gain	43	36	-68.82
gain	36	44	-56.63
gain	44	36	-56.13
gain	36	45	-63.01
gain	45	36	-62.17
gain	36	46	-76.59
gain	46	36	-76.65
gain	36	47	-77.04
gain	47	36	-77.61
gain	36	48	-82.92
gain	48	36	-83.13
gain	36	49	-90.69
gain	49	36	-92.59
gain	36	50	-83.72
gain	50	36	-82.49
gain	36	51	-71.69
gain	51	36	-70.28
gain	36	52	-73.85
gain	52	36	-74.75
gain	36	53	-74.07
gain	53	36	-71.37
gain	36	54	-72.12
gain	54	36	-71.10
gain	36	55	-79.93
gain	55	36	-79.56
gain	36	56	-91.68
gain	56	36	-91.87
gain	36	57	-86.28
gain	57	36	-86.34
gain	36	58	-80.03
gain	58	36	-78.77
gain	36	59	-77.83
gain	59	36	-78.13
gain	36	60	-85.63
gain	60	36	-84.87
gain	36	61	-81.71
gain	61	36	-81.02
gain	36	62	-84.74
gain	62	36	-83.37
gain	36	63	-91.44
gain	63	36	-89.42
gain	37	38	-53.08
gain	38	37	-54.04
gain	37	39	-67.41
gain	39	37	-67.81
gain	37	40	-86.20
gain	40	37	-87.23
gain	37	41	-86.50
gain	41	37	-88.14
gain	37	42	-81.19
gain	42	37	-82.65
gain	37	43	-72.65
gain	43	37	-74.98
gain	37	44	-63.73
gain	44	37	-64.63
gain	37	45	-59.41
gain	45	37	-59.97
gain	37	46	-60.24
gain	46	37	-61.71
gain	37	47	-65.57
gain	47	37	-67.54
gain	37	48	-95.28
gain	48	37	-96.89
gain	37	49	-75.12
gain	49	37	-78.42
gain	37	50	-76.08
gain	50	37	-76.25
gain	37	51	-74.30
gain	51	37	-74.29
gain	37	52	-70.57
gain	52	37	-72.87
gain	37	53	-73.11
gain	53	37	-71.82
gain	37	54	-68.72
gain	54	37	-69.11
gain	37	55	-78.27
gain	55	37	-79.32
gain	37	56	-90.83
gain	56	37	-92.43
gain	37	57	-84.87
gain	57	37	-86.34
gain	37	58	-86.26
gain	58	37	-86.40
gain	37	59	-80.60
gain	59	37	-82.30
gain	37	60	-80.06
gain	60	37	-80.71
gain	37	61	-79.55
gain	61	37	-80.27
gain	37	62	-72.25
gain	62	37	-72.29
gain	37	63	-81.84
gain	63	37	-81.23
gain	38	39	-57.03
gain	39	38	-56.48
gain	38	40	-92.72
gain	40	38	-92.80
gain	38	41	-84.41
gain	41	38	-85.10
gain	38	42	-86.76
gain	42	38	-87.26
gain	38	43	-82.00
gain	43	38	-83.37
gain	38	44	-71.39
gain	44	38	-71.34
gain	38	45	-68.37
gain	45	38	-67.98
gain	38	46	-52.99
gain	46	38	-53.50
gain	38	47	-67.80
gain	47	38	-68.82
gain	38	48	-93.48
gain	48	38	-94.14
gain	38	49	-87.57
gain	49	38	-89.92
gain	38	50	-88.33
gain	50	38	-87.55
gain	38	51	-80.21
gain	51	38	-79.24
gain	38	52	-74.30
gain	52	38	-75.65
gain	38	53	-78.71
gain	53	38	-76.46
gain	38	54	-69.36
gain	54	38	-68.79
gain	38	55	-74.00
gain	55	38	-74.09
gain	38	56	-95.01
gain	56	38	-95.66
gain	38	57	-94.58
gain	57	38	-95.10
gain	38	58	-89.43
gain	58	38	-88.61
gain	38	59	-82.18
gain	59	38	-82.93
gain	38	60	-77.53
gain	60	38	-77.23
gain	38	61	-78.88
gain	61	38	-78.64
gain	38	62	-76.74
gain	62	38	-75.82
gain	38	63	-75.25
gain	63	38	-73.69
gain	39	40	-93.02
gain	40	39	-93.65
gain	39	41	-87.78
gain	41	39	-89.02
gain	39	42	-92.75
gain	42	39	-93.81
gain	39	43	-91.01
gain	43	39	-92.95
gain	39	44	-80.66
gain	44	39	-81.16
gain	39	45	-71.71
gain	45	39	-71.88
gain	39	46	-56.11
gain	46	39	-57.19
gain	39	47	-57.60
gain	47	39	-59.19
gain	39	48	-88.62
gain	48	39	-89.84
gain	39	49	-94.24
gain	49	39	-97.15
gain	39	50	-87.15
gain	50	39	-86.92
gain	39	51	-88.72
gain	51	39	-88.32
gain	39	52	-80.27
gain	52	39	-82.18
gain	39	53	-73.21
gain	53	39	-71.52
gain	39	54	-74.11
gain	54	39	-74.11
gain	39	55	-69.74
gain	55	39	-70.39
gain	39	56	-91.47
gain	56	39	-92.67
gain	39	57	-96.19
gain	57	39	-97.26
gain	39	58	-92.96
gain	58	39	-92.71
gain	39	59	-90.53
gain	59	39	-91.84
gain	39	60	-88.13
gain	60	39	-88.38
gain	39	61	-78.01
gain	61	39	-78.33
gain	39	62	-77.30
gain	62	39	-76.94
gain	39	63	-77.28
gain	63	39	-76.27
gain	40	41	-56.11
gain	41	40	-56.72
gain	40	42	-74.21
gain	42	40	-74.63
gain	40	43	-76.01
gain	43	40	-77.30
gain	40	44	-85.41
gain	44	40	-85.28
gain	40	45	-95.12
gain	45	40	-94.65
gain	40	46	-91.47
gain	46	40	-91.91
gain	40	47	-98.82
gain	47	40	-99.77
gain	40	48	-52.49
gain	48	40	-53.07
gain	40	49	-63.76
gain	49	40	-66.04
gain	40	50	-75.48
gain	50	40	-74.62
gain	40	51	-76.36
gain	51	40	-75.32
gain	40	52	-87.99
gain	52	40	-89.26
gain	40	53	-83.92
gain	53	40	-81.60
gain	40	54	-95.64
gain	54	40	-95.01
gain	40	55	-98.25
gain	55	40	-98.27
gain	40	56	-75.10
gain	56	40	-75.67
gain	40	57	-73.68
gain	57	40	-74.12
gain	40	58	-67.94
gain	58	40	-67.05
gain	40	59	-81.43
gain	59	40	-82.10
gain	40	60	-82.72
gain	60	40	-82.33
gain	40	61	-82.87
gain	61	40	-82.55
gain	40	62	-91.77
gain	62	40	-90.77
gain	40	63	-96.00
gain	63	40	-94.36
gain	41	42	-59.06
gain	42	41	-58.88
gain	41	43	-72.61
gain	43	41	-73.30
gain	41	44	-80.66
gain	44	41	-79.92
gain	41	45	-81.52
gain	45	41	-80.45
gain	41	46	-94.65
gain	46	41	-94.48
gain	41	47	-98.89
gain	47	41	-99.23
gain	41	48	-63.47
gain	48	41	-63.45
gain	41	49	-58.93
gain	49	41	-60.59
gain	41	50	-66.36
gain	50	41	-64.90
gain	41	51	-71.29
gain	51	41	-69.64
gain	41	52	-77.80
gain	52	41	-78.46
gain	41	53	-84.02
gain	53	41	-81.08
gain	41	54	-93.90
gain	54	41	-92.66
gain	41	55	-95.95
gain	55	41	-95.36
gain	41	56	-72.21
gain	56	41	-72.17
gain	41	57	-70.29
gain	57	41	-70.12
gain	41	58	-71.22
gain	58	41	-69.72
gain	41	59	-78.62
gain	59	41	-78.69
gain	41	60	-83.49
gain	60	41	-82.49
gain	41	61	-82.69
gain	61	41	-81.76
gain	41	62	-87.15
gain	62	41	-85.54
gain	41	63	-96.96
gain	63	41	-94.71
gain	42	43	-53.61
gain	43	42	-54.48
gain	42	44	-67.98
gain	44	42	-67.43
gain	42	45	-81.37
gain	45	42	-80.47
gain	42	46	-79.52
gain	46	42	-79.53
gain	42	47	-94.27
gain	47	42	-94.79
gain	42	48	-70.73
gain	48	42	-70.89
gain	42	49	-64.71
gain	49	42	-66.56
gain	42	50	-55.89
gain	50	42	-54.61
gain	42	51	-64.57
gain	51	42	-63.10
gain	42	52	-67.44
gain	52	42	-68.29
gain	42	53	-81.06
gain	53	42	-78.31
gain	42	54	-92.05
gain	54	42	-90.99
gain	42	55	-87.44
gain	55	42	-87.03
gain	42	56	-77.16
gain	56	42	-77.31
gain	42	57	-74.84
gain	57	42	-74.85
gain	42	58	-69.16
gain	58	42	-67.84
gain	42	59	-73.64
gain	59	42	-73.90
gain	42	60	-84.23
gain	60	42	-83.42
gain	42	61	-88.65
gain	61	42	-87.91
gain	42	62	-84.01
gain	62	42	-82.59
gain	42	63	-87.09
gain	63	42	-85.03
gain	43	44	-55.08
gain	44	43	-53.65
gain	43	45	-72.05
gain	45	43	-70.28
gain	43	46	-79.29
gain	46	43	-78.43
gain	43	47	-85.25
gain	47	43	-84.90
gain	43	48	-78.28
gain	48	43	-77.57
gain	43	49	-76.51
gain	49	43	-77.48
gain	43	50	-62.32
gain	50	43	-60.16
gain	43	51	-59.12
gain	51	43	-56.78
gain	43	52	-58.35
gain	52	43	-58.32
gain	43	53	-74.87
gain	53	43	-71.24
gain	43	54	-83.90
gain	54	43	-81.96
gain	43	55	-83.20
gain	55	43	-81.92
gain	43	56	-79.97
gain	56	43	-79.25
gain	43	57	-78.70
gain	57	43	-77.84
gain	43	58	-74.89
gain	58	43	-72.71
gain	43	59	-69.47
gain	59	43	-68.85
gain	43	60	-74.24
gain	60	43	-72.56
gain	43	61	-77.24
gain	61	43	-75.63
gain	43	62	-74.57
gain	62	43	-72.28
gain	43	63	-91.42
gain	63	43	-88.48
gain	44	45	-53.28
gain	45	44	-52.95
gain	44	46	-67.85
gain	46	44	-68.42
gain	44	47	-81.75
gain	47	44	-82.83
gain	44	48	-83.23
gain	48	44	-83.95
gain	44	49	-76.15
gain	49	44	-78.56
gain	44	50	-75.47
gain	50	44	-74.74
gain	44	51	-65.64
gain	51	44	-64.73
gain	44	52	-55.87
gain	52	44	-57.28
gain	44	53	-68.09
gain	53	44	-65.89
gain	44	54	-69.83
gain	54	44	-69.33
gain	44	55	-75.21
gain	55	44	-75.35
gain	44	56	-87.87
gain	56	44	-88.57
gain	44	57	-80.12
gain	57	44	-80.69
gain	44	58	-79.14
gain	58	44	-78.38
gain	44	59	-69.64
gain	59	44	-70.45
gain	44	60	-75.98
gain	60	44	-75.72
gain	44	61	-65.54
gain	61	44	-65.35
gain	44	62	-72.34
gain	62	44	-71.48
gain	44	63	-87.36
gain	63	44	-85.85
gain	45	46	-47.42
gain	46	45	-48.33
gain	45	47	-62.75
gain	47	45	-64.16
gain	45	48	-91.88
gain	48	45	-92.93
gain	45	49	-85.22
gain	49	45	-87.96
gain	45	50	-74.86
gain	50	45	-74.47
gain	45	51	-71.09
gain	51	45	-70.52
gain	45	52	-65.53
gain	52	45	-67.27
gain	45	53	-57.52
gain	53	45	-55.66
gain	45	54	-60.06
gain	54	45	-59.89
gain	45	55	-75.02
gain	55	45	-75.50
gain	45	56	-87.83
gain	56	45	-88.87
gain	45	57	-84.32
gain	57	45	-85.23
gain	45	58	-78.40
gain	58	45	-77.98
gain	45	59	-76.84
gain	59	45	-77.99
gain	45	60	-79.96
gain	60	45	-80.04
gain	45	61	-70.26
gain	61	45	-70.41
gain	45	62	-68.97
gain	62	45	-68.44
gain	45	63	-76.27
gain	63	45	-75.10
gain	46	47	-55.25
gain	47	46	-55.76
gain	46	48	-88.66
gain	48	46	-88.80
gain	46	49	-87.49
gain	49	46	-89.33
gain	46	50	-81.80
gain	50	46	-80.50
gain	46	51	-77.13
gain	51	46	-75.65
gain	46	52	-69.35
gain	52	46	-70.18
gain	46	53	-65.14
gain	53	46	-62.37
gain	46	54	-58.68
gain	54	46	-57.60
gain	46	55	-61.01
gain	55	46	-60.58
gain	46	56	-97.15
gain	56	46	-97.28
gain	46	57	-89.70
gain	57	46	-89.70
gain	46	58	-85.81
gain	58	46	-84.48
gain	46	59	-87.02
gain	59	46	-87.26
gain	46	60	-76.68
gain	60	46	-75.85
gain	46	61	-74.28
gain	61	46	-73.53
gain	46	62	-65.58
gain	62	46	-64.15
gain	46	63	-74.14
gain	63	46	-72.06
gain	47	48	-98.67
gain	48	47	-98.31
gain	47	49	-95.67
gain	49	47	-96.99
gain	47	50	-88.95
gain	50	47	-87.14
gain	47	51	-84.22
gain	51	47	-82.23
gain	47	52	-79.42
gain	52	47	-79.75
gain	47	53	-70.85
gain	53	47	-67.57
gain	47	54	-68.89
gain	54	47	-67.30
gain	47	55	-54.00
gain	55	47	-53.07
gain	47	56	-98.16
gain	56	47	-97.79
gain	47	57	-95.12
gain	57	47	-94.61
gain	47	58	-90.70
gain	58	47	-88.86
gain	47	59	-87.32
gain	59	47	-87.05
gain	47	60	-83.03
gain	60	47	-81.70
gain	47	61	-77.46
gain	61	47	-76.20
gain	47	62	-68.95
gain	62	47	-67.01
gain	47	63	-72.56
gain	63	47	-69.97
gain	48	49	-55.41
gain	49	48	-57.10
gain	48	50	-66.54
gain	50	48	-65.09
gain	48	51	-75.92
gain	51	48	-74.30
gain	48	52	-83.70
gain	52	48	-84.39
gain	48	53	-86.91
gain	53	48	-84.00
gain	48	54	-92.85
gain	54	48	-91.63
gain	48	55	-96.34
gain	55	48	-95.77
gain	48	56	-56.00
gain	56	48	-55.98
gain	48	57	-62.12
gain	57	48	-61.98
gain	48	58	-73.23
gain	58	48	-71.76
gain	48	59	-78.21
gain	59	48	-78.30
gain	48	60	-83.62
gain	60	48	-82.65
gain	48	61	-86.41
gain	61	48	-85.51
gain	48	62	-87.87
gain	62	48	-86.29
gain	48	63	-99.78
gain	63	48	-97.55
gain	49	50	-56.98
gain	50	49	-53.85
gain	49	51	-75.97
gain	51	49	-72.66
gain	49	52	-86.40
gain	52	49	-85.40
gain	49	53	-89.41
gain	53	49	-84.81
gain	49	54	-92.79
gain	54	49	-89.88
gain	49	55	-92.19
gain	55	49	-89.93
gain	49	56	-64.46
gain	56	49	-62.76
gain	49	57	-53.43
gain	57	49	-51.60
gain	49	58	-67.96
gain	58	49	-64.79
gain	49	59	-73.46
gain	59	49	-71.86
gain	49	60	-81.01
gain	60	49	-78.35
gain	49	61	-81.98
gain	61	49	-79.39
gain	49	62	-93.09
gain	62	49	-89.82
gain	49	63	-94.69
gain	63	49	-90.78
gain	50	51	-57.94
gain	51	50	-57.75
gain	50	52	-67.42
gain	52	50	-69.55
gain	50	53	-77.19
gain	53	50	-75.72
gain	50	54	-84.28
gain	54	50	-84.49
gain	50	55	-88.04
gain	55	50	-88.91
gain	50	56	-75.28
gain	56	50	-76.71
gain	50	57	-63.60
gain	57	50	-64.90
gain	50	58	-57.42
gain	58	50	-57.39
gain	50	59	-60.91
gain	59	50	-62.44
gain	50	60	-75.05
gain	60	50	-75.52
gain	50	61	-75.86
gain	61	50	-76.40
gain	50	62	-81.24
gain	62	50	-81.11
gain	50	63	-81.94
gain	63	50	-81.16
gain	51	52	-58.28
gain	52	51	-60.60
gain	51	53	-73.50
gain	53	51	-72.21
gain	51	54	-79.02
gain	54	51	-79.43
gain	51	55	-89.16
gain	55	51	-90.21
gain	51	56	-79.75
gain	56	51	-81.37
gain	51	57	-76.00
gain	57	51	-77.48
gain	51	58	-61.94
gain	58	51	-62.09
gain	51	59	-56.42
gain	59	51	-58.14
gain	51	60	-59.46
gain	60	51	-60.11
gain	51	61	-71.18
gain	61	51	-71.91
gain	51	62	-80.66
gain	62	51	-80.71
gain	51	63	-82.48
gain	63	51	-81.88
gain	52	53	-58.38
gain	53	52	-54.78
gain	52	54	-74.14
gain	54	52	-72.23
gain	52	55	-84.83
gain	55	52	-83.57
gain	52	56	-79.28
gain	56	52	-78.58
gain	52	57	-80.63
gain	57	52	-79.79
gain	52	58	-69.68
gain	58	52	-67.52
gain	52	59	-65.78
gain	59	52	-65.18
gain	52	60	-56.30
gain	60	52	-54.64
gain	52	61	-66.85
gain	61	52	-65.26
gain	52	62	-67.71
gain	62	52	-65.44
gain	52	63	-79.05
gain	63	52	-76.14
gain	53	54	-49.00
gain	54	53	-50.68
gain	53	55	-71.97
gain	55	53	-74.31
gain	53	56	-88.56
gain	56	53	-91.46
gain	53	57	-86.24
gain	57	53	-89.01
gain	53	58	-67.73
gain	58	53	-69.16
gain	53	59	-67.94
gain	59	53	-70.95
gain	53	60	-63.01
gain	60	53	-64.95
gain	53	61	-56.76
gain	61	53	-58.77
gain	53	62	-57.43
gain	62	53	-58.77
gain	53	63	-66.92
gain	63	53	-67.61
gain	54	55	-54.29
gain	55	54	-54.94
gain	54	56	-92.09
gain	56	54	-93.30
gain	54	57	-85.37
gain	57	54	-86.45
gain	54	58	-85.72
gain	58	54	-85.47
gain	54	59	-76.33
gain	59	54	-77.65
gain	54	60	-74.99
gain	60	54	-75.24
gain	54	61	-63.06
gain	61	54	-63.38
gain	54	62	-52.01
gain	62	54	-51.65
gain	54	63	-59.26
gain	63	54	-58.26
gain	55	56	-94.51
gain	56	55	-95.06
gain	55	57	-92.36
gain	57	55	-92.79
gain	55	58	-90.18
gain	58	55	-89.28
gain	55	59	-84.70
gain	59	55	-85.36
gain	55	60	-72.74
gain	60	55	-72.34
gain	55	61	-68.93
gain	61	55	-68.60
gain	55	62	-63.98
gain	62	55	-62.97
gain	55	63	-51.03
gain	63	55	-49.38
gain	56	57	-56.93
gain	57	56	-56.80
gain	56	58	-67.49
gain	58	56	-66.03
gain	56	59	-81.34
gain	59	56	-81.45
gain	56	60	-87.14
gain	60	56	-86.18
gain	56	61	-85.40
gain	61	56	-84.51
gain	56	62	-93.83
gain	62	56	-92.27
gain	56	63	-93.08
gain	63	56	-90.87
gain	57	58	-62.21
gain	58	57	-60.88
gain	57	59	-69.66
gain	59	57	-69.89
gain	57	60	-79.82
gain	60	57	-78.99
gain	57	61	-84.17
gain	61	57	-83.41
gain	57	62	-83.35
gain	62	57	-81.92
gain	57	63	-92.25
gain	63	57	-90.17
gain	58	59	-55.12
gain	59	58	-56.69
gain	58	60	-68.23
gain	60	58	-68.74
gain	58	61	-71.55
gain	61	58	-72.12
gain	58	62	-83.09
gain	62	58	-82.99
gain	58	63	-83.24
gain	63	58	-82.50
gain	59	60	-58.74
gain	60	59	-57.68
gain	59	61	-70.26
gain	61	59	-69.27
gain	59	62	-80.47
gain	62	59	-78.80
gain	59	63	-84.17
gain	63	59	-81.85
gain	60	61	-54.80
gain	61	60	-54.87
gain	60	62	-66.34
gain	62	60	-65.73
gain	60	63	-71.46
gain	63	60	-70.21
gain	61	62	-55.10
gain	62	61	-54.43
gain	61	63	-76.75
gain	63	61	-75.43
gain	62	63	-51.59
gain	63	62	-50.94
noise	0	-104.82	4.00
noise	1	-104.08	4.00
noise	2	-104.90	4.00
noise	3	-104.24	4.00
noise	4	-105.30	4.00
noise	5	-105.41	4.00
noise	6	-104.10	4.00
noise	7	-106.60	4.00
noise	8	-105.19	4.00
noise	9	-103.94	4.00
noise	10	-104.19	4.00
noise	11	-105.40	4.00
noise	12	-103.92	4.00
noise	13	-104.58	4.00
noise	14	-102.97	4.00
noise	15	-106.72	4.00
noise	16	-106.90	4.00
noise	17	-103.52	4.00
noise	18	-104.87	4.00
noise	19	-104.47	4.00
noise	20	-104.90	4.00
noise	21	-104.54	4.00
noise	22	-103.79	4.00
noise	23	-104.22	4.00
noise	24	-105.31	4.00
noise	25	-106.66	4.00
noise	26	-104.91	4.00
noise	27	-104.40	4.00
noise	28	-105.06	4.00
noise	29	-105.39	4.00
noise	30	-104.49	4.00
noise	31	-103.16	4.00
noise	32	-105.97	4.00
noise	33	-105.33	4.00
noise	34	-106.14	4.00
noise	35	-105.23	4.00
noise	36	-103.64	4.00
noise	37	-105.42	4.00
noise	38	-105.66	4.00
noise	39	-105.03	4.00
noise	40	-104.40	4.00
noise	41	-104.11	4.00
noise	42	-105.13	4.00
noise	43	-103.95	4.00
noise	44	-104.81	4.00
noise	45	-104.38	4.00
noise	46	-104.64	4.00
noise	47	-105.06	4.00
noise	48	-104.23	4.00
noise	49	-104.20	4.00
noise	50	-104.92	4.00
noise	51	-103.23	4.00
noise	52	-104.22	4.00
noise	53	-106.59	4.00
noise	54	-104.26	4.00
noise	55	-104.63	4.00
noise	56	-103.36	4.00
noise	57	-104.53	4.00
noise	58	-105.18	4.00
noise	59	-105.80	4.00
noise	60	-104.83	4.00
noise	61	-105.10	4.00
noise	62	-106.78	4.00
noise	63	-106.28	4.00
