gain	0	1	-53.53
gain	1	0	-57.54
gain	0	2	-64.57
gain	2	0	-67.42
gain	0	3	-73.70
gain	3	0	-74.26
gain	0	4	-53.46
gain	4	0	-53.29
gain	0	5	-63.11
gain	5	0	-64.91
gain	0	6	-73.00
gain	6	0	-74.84
gain	0	7	-79.15
gain	7	0	-81.57
gain	0	8	-72.31
gain	8	0	-73.21
gain	0	9	-76.89
gain	9	0	-78.61
gain	0	10	-76.82
gain	10	0	-78.48
gain	0	11	-78.30
gain	11	0	-80.44
gain	0	12	-75.58
gain	12	0	-77.07
gain	0	13	-76.25
gain	13	0	-76.95
gain	0	14	-84.72
gain	14	0	-85.82
gain	0	15	-79.39
gain	15	0	-81.53
gain	1	2	-57.17
gain	2	1	-56.01
gain	1	3	-74.75
gain	3	1	-71.30
gain	1	4	-67.66
gain	4	1	-63.48
gain	1	5	-67.53
gain	5	1	-65.31
gain	1	6	-68.27
gain	6	1	-66.10
gain	1	7	-66.83
gain	7	1	-65.24
gain	1	8	-70.61
gain	8	1	-67.49
gain	1	9	-76.37
gain	9	1	-74.08
gain	1	10	-72.14
gain	10	1	-69.79
gain	1	11	-79.34
gain	11	1	-77.46
gain	1	12	-73.69
gain	12	1	-71.16
gain	1	13	-82.21
gain	13	1	-78.89
gain	1	14	-81.46
gain	14	1	-78.54
gain	1	15	-82.22
gain	15	1	-80.35
gain	2	3	-55.81
gain	3	2	-53.53
gain	2	4	-76.31
gain	4	2	-73.29
gain	2	5	-68.66
gain	5	2	-67.61
gain	2	6	-55.76
gain	6	2	-54.75
gain	2	7	-62.22
gain	7	2	-61.79
gain	2	8	-81.86
gain	8	2	-79.90
gain	2	9	-77.39
gain	9	2	-76.26
gain	2	10	-76.01
gain	10	2	-74.81
gain	2	11	-78.58
gain	11	2	-77.86
gain	2	12	-84.20
gain	12	2	-82.83
gain	2	13	-79.43
gain	13	2	-77.28
gain	2	14	-76.28
gain	14	2	-74.53
gain	2	15	-82.04
gain	15	2	-81.34
gain	3	4	-80.27
gain	4	3	-79.54
gain	3	5	-78.59
gain	5	3	-79.82
gain	3	6	-65.50
gain	6	3	-66.78
gain	3	7	-59.34
gain	7	3	-61.20
gain	3	8	-80.84
gain	8	3	-81.17
gain	3	9	-69.01
gain	9	3	-70.16
gain	3	10	-71.48
gain	10	3	-72.57
gain	3	11	-67.12
gain	11	3	-68.68
gain	3	12	-81.27
gain	12	3	-82.19
gain	3	13	-87.09
gain	13	3	-87.23
gain	3	14	-80.25
gain	14	3	-80.79
gain	3	15	-76.15
gain	15	3	-77.73
gain	4	5	-53.31
gain	5	4	-55.28
gain	4	6	-65.01
gain	6	4	-67.03
gain	4	7	-86.62
gain	7	4	-89.21
gain	4	8	-56.25
gain	8	4	-57.32
gain	4	9	-64.55
gain	9	4	-66.44
gain	4	10	-69.00
gain	10	4	-70.83
gain	4	11	-69.40
gain	11	4	-71.70
gain	4	12	-68.29
gain	12	4	-69.94
gain	4	13	-71.98
gain	13	4	-72.85
gain	4	14	-68.04
gain	14	4	-69.30
gain	4	15	-80.55
gain	15	4	-82.86
gain	5	6	-53.73
gain	6	5	-53.77
gain	5	7	-67.94
gain	7	5	-68.56
gain	5	8	-63.94
gain	8	5	-63.04
gain	5	9	-54.62
gain	9	5	-54.54
gain	5	10	-66.41
gain	10	5	-66.27
gain	5	11	-71.21
gain	11	5	-71.55
gain	5	12	-74.93
gain	12	5	-74.62
gain	5	13	-71.60
gain	13	5	-70.50
gain	5	14	-75.98
gain	14	5	-75.28
gain	5	15	-80.10
gain	15	5	-80.44
gain	6	7	-60.50
gain	7	6	-61.08
gain	6	8	-73.90
gain	8	6	-72.95
gain	6	9	-62.63
gain	9	6	-62.51
gain	6	10	-53.18
gain	10	6	-52.99
gain	6	11	-62.51
gain	11	6	-62.80
gain	6	12	-76.21
gain	12	6	-75.85
gain	6	13	-69.58
gain	13	6	-68.44
gain	6	14	-72.20
gain	14	6	-71.45
gain	6	15	-75.43
gain	15	6	-75.72
gain	7	8	-73.88
gain	8	7	-72.35
gain	7	9	-68.13
gain	9	7	-67.43
gain	7	10	-62.88
gain	10	7	-62.11
gain	7	11	-57.39
gain	11	7	-57.10
gain	7	12	-83.26
gain	12	7	-82.32
gain	7	13	-78.77
gain	13	7	-77.04
gain	7	14	-75.36
gain	14	7	-74.03
gain	7	15	-72.12
gain	15	7	-71.84
gain	8	9	-54.61
gain	9	8	-55.44
gain	8	10	-64.68
gain	10	8	-65.44
gain	8	11	-74.34
gain	11	8	-75.58
gain	8	12	-56.06
gain	12	8	-56.65
gain	8	13	-62.30
gain	13	8	-62.10
gain	8	14	-71.90
gain	14	8	-72.10
gain	8	15	-77.66
gain	15	8	-78.91
gain	9	10	-61.09
gain	10	9	-61.03
gain	9	11	-70.98
gain	11	9	-71.40
gain	9	12	-66.46
gain	12	9	-66.22
gain	9	13	-54.06
gain	13	9	-53.04
gain	9	14	-66.35
gain	14	9	-65.72
gain	9	15	-69.45
gain	15	9	-69.87
gain	10	11	-56.97
gain	11	10	-57.45
gain	10	12	-73.40
gain	12	10	-73.23
gain	10	13	-65.00
gain	13	10	-64.04
gain	10	14	-61.77
gain	14	10	-61.21
gain	10	15	-60.54
gain	15	10	-61.03
gain	11	12	-86.74
gain	12	11	-86.09
gain	11	13	-79.77
gain	13	11	-78.34
gain	11	14	-61.09
gain	14	11	-60.06
gain	11	15	-55.78
gain	15	11	-55.79
gain	12	13	-60.75
gain	13	12	-59.96
gain	12	14	-66.44
gain	14	12	-66.06
gain	12	15	-78.85
gain	15	12	-79.50
gain	13	14	-56.87
gain	14	13	-57.28
gain	13	15	-68.04
gain	15	13	-69.48
gain	14	15	-56.98
gain	15	14	-58.03
noise	0	-105.58	4.00
noise	1	-103.99	4.00
noise	2	-103.10	4.00
noise	3	-105.14	4.00
noise	4	-104.95	4.00
noise	5	-104.53	4.00
noise	6	-104.77	4.00
noise	7	-104.46	4.00
noise	8	-105.38	4.00
noise	9	-104.43	4.00
noise	10	-104.69	4.00
noise	11	-104.12	4.00
noise	12	-104.84	4.00
noise	13	-105.00	4.00
noise	14	-104.10	4.00
noise	15	-104.22	4.00
